RUN	messageservice.BasicSimulation		basicsimulation	1534448636465	 	2.0
USER	Create a message	1	START	1534448638583	1534448638583
USER	Create a message	2	START	1534448638754	1534448638754
USER	Create a message	3	START	1534448638784	1534448638784
REQUEST	Create a message	2		createMessage	1534448638754	1534448638792	KO	status.find.in(200,304,201,202,203,204,205,206,207,208,209), but actually found 403
REQUEST	Create a message	1		createMessage	1534448638653	1534448638750	KO	status.find.in(200,304,201,202,203,204,205,206,207,208,209), but actually found 403
USER	Create a message	4	START	1534448638845	1534448638845
USER	Create a message	1	END	1534448638583	1534448638934
USER	Create a message	2	END	1534448638754	1534448638936
REQUEST	Create a message	3		createMessage	1534448638788	1534448638923	KO	status.find.in(200,304,201,202,203,204,205,206,207,208,209), but actually found 403
USER	Create a message	3	END	1534448638784	1534448638971
USER	Create a message	5	START	1534448638931	1534448638931
REQUEST	Create a message	4		createMessage	1534448638925	1534448638991	KO	status.find.in(200,304,201,202,203,204,205,206,207,208,209), but actually found 403
USER	Create a message	4	END	1534448638845	1534448639061
REQUEST	Create a message	5		createMessage	1534448638975	1534448639060	KO	status.find.in(200,304,201,202,203,204,205,206,207,208,209), but actually found 403
USER	Create a message	5	END	1534448638931	1534448639119
USER	Create a message	6	START	1534448639009	1534448639009
USER	Create a message	7	START	1534448639123	1534448639123
USER	Create a message	8	START	1534448639146	1534448639146
USER	Create a message	9	START	1534448639152	1534448639152
REQUEST	Create a message	7		createMessage	1534448639126	1534448639203	KO	status.find.in(200,304,201,202,203,204,205,206,207,208,209), but actually found 403
USER	Create a message	7	END	1534448639123	1534448639213
REQUEST	Create a message	8		createMessage	1534448639150	1534448639206	KO	status.find.in(200,304,201,202,203,204,205,206,207,208,209), but actually found 403
USER	Create a message	8	END	1534448639146	1534448639225
USER	Create a message	10	START	1534448639203	1534448639203
REQUEST	Create a message	6		createMessage	1534448639120	1534448639206	KO	status.find.in(200,304,201,202,203,204,205,206,207,208,209), but actually found 403
USER	Create a message	6	END	1534448639009	1534448639236
USER	Create a message	11	START	1534448639226	1534448639226
REQUEST	Create a message	10		createMessage	1534448639206	1534448639247	KO	status.find.in(200,304,201,202,203,204,205,206,207,208,209), but actually found 403
USER	Create a message	10	END	1534448639203	1534448639300
USER	Create a message	12	START	1534448639239	1534448639239
REQUEST	Create a message	11		createMessage	1534448639236	1534448639301	KO	status.find.in(200,304,201,202,203,204,205,206,207,208,209), but actually found 403
USER	Create a message	11	END	1534448639226	1534448639304
REQUEST	Create a message	9		createMessage	1534448639155	1534448639237	KO	status.find.in(200,304,201,202,203,204,205,206,207,208,209), but actually found 403
USER	Create a message	9	END	1534448639152	1534448639308
USER	Create a message	13	START	1534448639302	1534448639302
USER	Create a message	14	START	1534448639309	1534448639309
USER	Create a message	15	START	1534448639319	1534448639319
USER	Create a message	16	START	1534448639340	1534448639340
REQUEST	Create a message	14		createMessage	1534448639310	1534448639340	KO	status.find.in(200,304,201,202,203,204,205,206,207,208,209), but actually found 403
USER	Create a message	14	END	1534448639309	1534448639374
USER	Create a message	17	START	1534448639343	1534448639343
REQUEST	Create a message	13		createMessage	1534448639302	1534448639377	KO	status.find.in(200,304,201,202,203,204,205,206,207,208,209), but actually found 403
REQUEST	Create a message	16		createMessage	1534448639340	1534448639377	KO	status.find.in(200,304,201,202,203,204,205,206,207,208,209), but actually found 403
REQUEST	Create a message	15		createMessage	1534448639323	1534448639377	KO	status.find.in(200,304,201,202,203,204,205,206,207,208,209), but actually found 403
USER	Create a message	15	END	1534448639319	1534448639394
REQUEST	Create a message	12		createMessage	1534448639247	1534448639374	KO	status.find.in(200,304,201,202,203,204,205,206,207,208,209), but actually found 403
USER	Create a message	12	END	1534448639239	1534448639396
USER	Create a message	16	END	1534448639340	1534448639397
USER	Create a message	13	END	1534448639302	1534448639397
USER	Create a message	18	START	1534448639386	1534448639386
USER	Create a message	19	START	1534448639456	1534448639456
USER	Create a message	20	START	1534448639461	1534448639461
USER	Create a message	21	START	1534448639462	1534448639462
REQUEST	Create a message	17		createMessage	1534448639375	1534448639457	KO	status.find.in(200,304,201,202,203,204,205,206,207,208,209), but actually found 403
USER	Create a message	17	END	1534448639343	1534448639485
REQUEST	Create a message	19		createMessage	1534448639457	1534448639541	KO	status.find.in(200,304,201,202,203,204,205,206,207,208,209), but actually found 403
REQUEST	Create a message	20		createMessage	1534448639461	1534448639541	KO	status.find.in(200,304,201,202,203,204,205,206,207,208,209), but actually found 403
REQUEST	Create a message	21		createMessage	1534448639480	1534448639541	KO	status.find.in(200,304,201,202,203,204,205,206,207,208,209), but actually found 403
USER	Create a message	19	END	1534448639456	1534448639544
USER	Create a message	21	END	1534448639462	1534448639545
REQUEST	Create a message	18		createMessage	1534448639398	1534448639541	KO	status.find.in(200,304,201,202,203,204,205,206,207,208,209), but actually found 403
USER	Create a message	20	END	1534448639461	1534448639550
USER	Create a message	18	END	1534448639386	1534448639555
USER	Create a message	22	START	1534448639481	1534448639481
USER	Create a message	23	START	1534448639563	1534448639563
USER	Create a message	24	START	1534448639566	1534448639566
USER	Create a message	25	START	1534448639584	1534448639584
REQUEST	Create a message	22		createMessage	1534448639540	1534448639586	KO	status.find.in(200,304,201,202,203,204,205,206,207,208,209), but actually found 403
USER	Create a message	22	END	1534448639481	1534448639589
USER	Create a message	26	START	1534448639588	1534448639588
USER	Create a message	27	START	1534448639592	1534448639592
REQUEST	Create a message	23		createMessage	1534448639564	1534448639597	KO	status.find.in(200,304,201,202,203,204,205,206,207,208,209), but actually found 403
USER	Create a message	28	START	1534448639608	1534448639608
USER	Create a message	23	END	1534448639563	1534448639614
USER	Create a message	29	START	1534448639613	1534448639613
REQUEST	Create a message	25		createMessage	1534448639585	1534448639667	KO	status.find.in(200,304,201,202,203,204,205,206,207,208,209), but actually found 403
USER	Create a message	25	END	1534448639584	1534448639672
USER	Create a message	30	START	1534448639616	1534448639616
REQUEST	Create a message	29		createMessage	1534448639613	1534448639671	KO	status.find.in(200,304,201,202,203,204,205,206,207,208,209), but actually found 403
USER	Create a message	29	END	1534448639613	1534448639674
REQUEST	Create a message	27		createMessage	1534448639593	1534448639671	KO	status.find.in(200,304,201,202,203,204,205,206,207,208,209), but actually found 403
REQUEST	Create a message	26		createMessage	1534448639591	1534448639671	KO	status.find.in(200,304,201,202,203,204,205,206,207,208,209), but actually found 403
REQUEST	Create a message	24		createMessage	1534448639582	1534448639671	KO	status.find.in(200,304,201,202,203,204,205,206,207,208,209), but actually found 403
USER	Create a message	24	END	1534448639566	1534448639680
USER	Create a message	27	END	1534448639592	1534448639704
USER	Create a message	26	END	1534448639588	1534448639704
REQUEST	Create a message	28		createMessage	1534448639610	1534448639670	KO	status.find.in(200,304,201,202,203,204,205,206,207,208,209), but actually found 403
USER	Create a message	28	END	1534448639608	1534448639729
USER	Create a message	31	START	1534448639675	1534448639675
REQUEST	Create a message	30		createMessage	1534448639667	1534448639729	KO	status.find.in(200,304,201,202,203,204,205,206,207,208,209), but actually found 403
USER	Create a message	30	END	1534448639616	1534448639745
USER	Create a message	32	START	1534448639736	1534448639736
USER	Create a message	33	START	1534448639746	1534448639746
REQUEST	Create a message	32		createMessage	1534448639742	1534448639790	KO	status.find.in(200,304,201,202,203,204,205,206,207,208,209), but actually found 403
USER	Create a message	32	END	1534448639736	1534448639794
REQUEST	Create a message	31		createMessage	1534448639704	1534448639790	KO	status.find.in(200,304,201,202,203,204,205,206,207,208,209), but actually found 403
USER	Create a message	31	END	1534448639675	1534448639795
USER	Create a message	34	START	1534448639793	1534448639793
REQUEST	Create a message	34		createMessage	1534448639810	1534448639825	KO	status.find.in(200,304,201,202,203,204,205,206,207,208,209), but actually found 403
USER	Create a message	34	END	1534448639793	1534448639846
USER	Create a message	35	START	1534448639825	1534448639825
REQUEST	Create a message	33		createMessage	1534448639790	1534448639846	KO	status.find.in(200,304,201,202,203,204,205,206,207,208,209), but actually found 403
USER	Create a message	33	END	1534448639746	1534448639903
USER	Create a message	36	START	1534448639847	1534448639847
REQUEST	Create a message	35		createMessage	1534448639826	1534448639894	KO	status.find.in(200,304,201,202,203,204,205,206,207,208,209), but actually found 403
USER	Create a message	35	END	1534448639825	1534448639938
REQUEST	Create a message	36		createMessage	1534448639894	1534448639938	KO	status.find.in(200,304,201,202,203,204,205,206,207,208,209), but actually found 403
USER	Create a message	37	START	1534448639906	1534448639906
USER	Create a message	36	END	1534448639847	1534448639941
USER	Create a message	38	START	1534448639941	1534448639941
USER	Create a message	39	START	1534448639945	1534448639945
USER	Create a message	40	START	1534448639968	1534448639968
USER	Create a message	41	START	1534448639972	1534448639972
USER	Create a message	42	START	1534448639977	1534448639977
REQUEST	Create a message	38		createMessage	1534448639942	1534448639981	KO	status.find.in(200,304,201,202,203,204,205,206,207,208,209), but actually found 403
USER	Create a message	38	END	1534448639941	1534448640027
REQUEST	Create a message	37		createMessage	1534448639938	1534448640023	KO	status.find.in(200,304,201,202,203,204,205,206,207,208,209), but actually found 403
REQUEST	Create a message	39		createMessage	1534448639945	1534448640023	KO	status.find.in(200,304,201,202,203,204,205,206,207,208,209), but actually found 403
USER	Create a message	37	END	1534448639906	1534448640029
USER	Create a message	39	END	1534448639945	1534448640029
REQUEST	Create a message	40		createMessage	1534448639969	1534448640026	KO	status.find.in(200,304,201,202,203,204,205,206,207,208,209), but actually found 403
USER	Create a message	43	START	1534448640022	1534448640022
USER	Create a message	40	END	1534448639968	1534448640094
REQUEST	Create a message	41		createMessage	1534448639973	1534448640027	KO	status.find.in(200,304,201,202,203,204,205,206,207,208,209), but actually found 403
USER	Create a message	41	END	1534448639972	1534448640096
REQUEST	Create a message	42		createMessage	1534448639979	1534448640080	KO	status.find.in(200,304,201,202,203,204,205,206,207,208,209), but actually found 403
USER	Create a message	42	END	1534448639977	1534448640172
USER	Create a message	44	START	1534448640079	1534448640079
REQUEST	Create a message	43		createMessage	1534448640027	1534448640173	KO	status.find.in(200,304,201,202,203,204,205,206,207,208,209), but actually found 403
USER	Create a message	43	END	1534448640022	1534448640179
USER	Create a message	45	START	1534448640175	1534448640175
USER	Create a message	46	START	1534448640183	1534448640183
REQUEST	Create a message	44		createMessage	1534448640097	1534448640190	KO	status.find.in(200,304,201,202,203,204,205,206,207,208,209), but actually found 403
USER	Create a message	44	END	1534448640079	1534448640206
REQUEST	Create a message	45		createMessage	1534448640175	1534448640193	KO	status.find.in(200,304,201,202,203,204,205,206,207,208,209), but actually found 403
USER	Create a message	45	END	1534448640175	1534448640208
REQUEST	Create a message	46		createMessage	1534448640184	1534448640209	KO	status.find.in(200,304,201,202,203,204,205,206,207,208,209), but actually found 403
USER	Create a message	47	START	1534448640194	1534448640194
USER	Create a message	46	END	1534448640183	1534448640213
USER	Create a message	48	START	1534448640212	1534448640212
USER	Create a message	49	START	1534448640222	1534448640222
USER	Create a message	50	START	1534448640228	1534448640228
REQUEST	Create a message	48		createMessage	1534448640215	1534448640245	KO	status.find.in(200,304,201,202,203,204,205,206,207,208,209), but actually found 403
REQUEST	Create a message	49		createMessage	1534448640225	1534448640245	KO	status.find.in(200,304,201,202,203,204,205,206,207,208,209), but actually found 403
USER	Create a message	48	END	1534448640212	1534448640274
USER	Create a message	49	END	1534448640222	1534448640275
REQUEST	Create a message	50		createMessage	1534448640229	1534448640275	KO	status.find.in(200,304,201,202,203,204,205,206,207,208,209), but actually found 403
USER	Create a message	50	END	1534448640228	1534448640278
REQUEST	Create a message	47		createMessage	1534448640210	1534448640276	KO	status.find.in(200,304,201,202,203,204,205,206,207,208,209), but actually found 403
USER	Create a message	47	END	1534448640194	1534448640279
