RUN	messageservice.BasicSimulation		basicsimulation	1534448497685	 	2.0
USER	Create a message	1	START	1534448499407	1534448499407
USER	Create a message	2	START	1534448499475	1534448499475
USER	Create a message	3	START	1534448499481	1534448499481
USER	Create a message	4	START	1534448499499	1534448499499
USER	Create a message	5	START	1534448499505	1534448499505
USER	Create a message	6	START	1534448499509	1534448499509
USER	Create a message	7	START	1534448499513	1534448499513
USER	Create a message	8	START	1534448499516	1534448499516
USER	Create a message	9	START	1534448499519	1534448499519
USER	Create a message	10	START	1534448499522	1534448499522
USER	Create a message	11	START	1534448499523	1534448499523
USER	Create a message	12	START	1534448499527	1534448499527
USER	Create a message	13	START	1534448499528	1534448499528
USER	Create a message	14	START	1534448499529	1534448499529
USER	Create a message	15	START	1534448499530	1534448499530
USER	Create a message	16	START	1534448499531	1534448499531
USER	Create a message	17	START	1534448499532	1534448499532
USER	Create a message	18	START	1534448499533	1534448499533
USER	Create a message	19	START	1534448499534	1534448499534
USER	Create a message	20	START	1534448499535	1534448499535
USER	Create a message	21	START	1534448499588	1534448499588
USER	Create a message	22	START	1534448499635	1534448499635
USER	Create a message	23	START	1534448499654	1534448499654
USER	Create a message	24	START	1534448499664	1534448499664
USER	Create a message	25	START	1534448499712	1534448499712
USER	Create a message	26	START	1534448499734	1534448499734
USER	Create a message	27	START	1534448499751	1534448499751
USER	Create a message	28	START	1534448499769	1534448499769
USER	Create a message	29	START	1534448499825	1534448499825
USER	Create a message	30	START	1534448499857	1534448499857
USER	Create a message	31	START	1534448499858	1534448499858
USER	Create a message	32	START	1534448499860	1534448499860
USER	Create a message	33	START	1534448499864	1534448499864
USER	Create a message	34	START	1534448499893	1534448499893
REQUEST	Create a message	22		createMessage	1534448499635	1534448499846	KO	status.find.in(200,304,201,202,203,204,205,206,207,208,209), but actually found 403
REQUEST	Create a message	7		createMessage	1534448499514	1534448499847	KO	status.find.in(200,304,201,202,203,204,205,206,207,208,209), but actually found 403
REQUEST	Create a message	24		createMessage	1534448499666	1534448499817	KO	status.find.in(200,304,201,202,203,204,205,206,207,208,209), but actually found 403
REQUEST	Create a message	17		createMessage	1534448499532	1534448499828	KO	status.find.in(200,304,201,202,203,204,205,206,207,208,209), but actually found 403
REQUEST	Create a message	5		createMessage	1534448499505	1534448499844	KO	status.find.in(200,304,201,202,203,204,205,206,207,208,209), but actually found 403
REQUEST	Create a message	18		createMessage	1534448499533	1534448499821	KO	status.find.in(200,304,201,202,203,204,205,206,207,208,209), but actually found 403
REQUEST	Create a message	12		createMessage	1534448499527	1534448499815	KO	status.find.in(200,304,201,202,203,204,205,206,207,208,209), but actually found 403
REQUEST	Create a message	27		createMessage	1534448499752	1534448499846	KO	status.find.in(200,304,201,202,203,204,205,206,207,208,209), but actually found 403
USER	Create a message	35	START	1534448499896	1534448499896
USER	Create a message	36	START	1534448499915	1534448499915
USER	Create a message	5	END	1534448499505	1534448499919
USER	Create a message	12	END	1534448499527	1534448499921
USER	Create a message	37	START	1534448499916	1534448499916
USER	Create a message	38	START	1534448499927	1534448499927
USER	Create a message	39	START	1534448499928	1534448499928
USER	Create a message	40	START	1534448499929	1534448499929
USER	Create a message	41	START	1534448499930	1534448499930
USER	Create a message	42	START	1534448499930	1534448499930
USER	Create a message	18	END	1534448499533	1534448499932
USER	Create a message	7	END	1534448499513	1534448499934
REQUEST	Create a message	15		createMessage	1534448499530	1534448499936	KO	status.find.in(200,304,201,202,203,204,205,206,207,208,209), but actually found 403
USER	Create a message	15	END	1534448499530	1534448499937
REQUEST	Create a message	4		createMessage	1534448499499	1534448499936	KO	status.find.in(200,304,201,202,203,204,205,206,207,208,209), but actually found 403
USER	Create a message	4	END	1534448499499	1534448499938
REQUEST	Create a message	23		createMessage	1534448499656	1534448499938	KO	status.find.in(200,304,201,202,203,204,205,206,207,208,209), but actually found 403
USER	Create a message	23	END	1534448499654	1534448499939
REQUEST	Create a message	21		createMessage	1534448499589	1534448499937	KO	status.find.in(200,304,201,202,203,204,205,206,207,208,209), but actually found 403
USER	Create a message	21	END	1534448499588	1534448499939
REQUEST	Create a message	13		createMessage	1534448499528	1534448499940	KO	status.find.in(200,304,201,202,203,204,205,206,207,208,209), but actually found 403
USER	Create a message	13	END	1534448499528	1534448499941
USER	Create a message	27	END	1534448499751	1534448499943
USER	Create a message	22	END	1534448499635	1534448499944
REQUEST	Create a message	2		createMessage	1534448499475	1534448499940	KO	status.find.in(200,304,201,202,203,204,205,206,207,208,209), but actually found 403
USER	Create a message	2	END	1534448499475	1534448499945
REQUEST	Create a message	20		createMessage	1534448499578	1534448499940	KO	status.find.in(200,304,201,202,203,204,205,206,207,208,209), but actually found 403
REQUEST	Create a message	6		createMessage	1534448499509	1534448499946	KO	status.find.in(200,304,201,202,203,204,205,206,207,208,209), but actually found 403
USER	Create a message	43	START	1534448499931	1534448499931
USER	Create a message	6	END	1534448499509	1534448499947
USER	Create a message	44	START	1534448499947	1534448499947
REQUEST	Create a message	19		createMessage	1534448499534	1534448499947	KO	status.find.in(200,304,201,202,203,204,205,206,207,208,209), but actually found 403
REQUEST	Create a message	14		createMessage	1534448499529	1534448499948	KO	status.find.in(200,304,201,202,203,204,205,206,207,208,209), but actually found 403
USER	Create a message	19	END	1534448499534	1534448499949
USER	Create a message	45	START	1534448499948	1534448499948
USER	Create a message	14	END	1534448499529	1534448499949
USER	Create a message	17	END	1534448499532	1534448499955
USER	Create a message	24	END	1534448499664	1534448499955
REQUEST	Create a message	3		createMessage	1534448499481	1534448499949	KO	status.find.in(200,304,201,202,203,204,205,206,207,208,209), but actually found 403
USER	Create a message	3	END	1534448499481	1534448499957
REQUEST	Create a message	8		createMessage	1534448499517	1534448499957	KO	status.find.in(200,304,201,202,203,204,205,206,207,208,209), but actually found 403
USER	Create a message	8	END	1534448499516	1534448499958
REQUEST	Create a message	25		createMessage	1534448499712	1534448499956	KO	status.find.in(200,304,201,202,203,204,205,206,207,208,209), but actually found 403
REQUEST	Create a message	16		createMessage	1534448499531	1534448499958	KO	status.find.in(200,304,201,202,203,204,205,206,207,208,209), but actually found 403
USER	Create a message	16	END	1534448499531	1534448499960
REQUEST	Create a message	11		createMessage	1534448499526	1534448499959	KO	status.find.in(200,304,201,202,203,204,205,206,207,208,209), but actually found 403
USER	Create a message	11	END	1534448499523	1534448499962
USER	Create a message	25	END	1534448499712	1534448499962
REQUEST	Create a message	1		createMessage	1534448499464	1534448499963	KO	status.find.in(200,304,201,202,203,204,205,206,207,208,209), but actually found 403
USER	Create a message	46	START	1534448499949	1534448499949
USER	Create a message	1	END	1534448499407	1534448499968
REQUEST	Create a message	9		createMessage	1534448499520	1534448499968	KO	status.find.in(200,304,201,202,203,204,205,206,207,208,209), but actually found 403
REQUEST	Create a message	43		createMessage	1534448499940	1534448499984	KO	status.find.in(200,304,201,202,203,204,205,206,207,208,209), but actually found 403
USER	Create a message	43	END	1534448499931	1534448499985
USER	Create a message	9	END	1534448499519	1534448499976
USER	Create a message	20	END	1534448499535	1534448499947
REQUEST	Create a message	26		createMessage	1534448499744	1534448499946	KO	status.find.in(200,304,201,202,203,204,205,206,207,208,209), but actually found 403
USER	Create a message	26	END	1534448499734	1534448499993
REQUEST	Create a message	10		createMessage	1534448499522	1534448499994	KO	status.find.in(200,304,201,202,203,204,205,206,207,208,209), but actually found 403
REQUEST	Create a message	35		createMessage	1534448499896	1534448500022	KO	status.find.in(200,304,201,202,203,204,205,206,207,208,209), but actually found 403
USER	Create a message	35	END	1534448499896	1534448500025
REQUEST	Create a message	31		createMessage	1534448499859	1534448500020	KO	status.find.in(200,304,201,202,203,204,205,206,207,208,209), but actually found 403
USER	Create a message	31	END	1534448499858	1534448500027
REQUEST	Create a message	30		createMessage	1534448499857	1534448500022	KO	status.find.in(200,304,201,202,203,204,205,206,207,208,209), but actually found 403
USER	Create a message	30	END	1534448499857	1534448500028
REQUEST	Create a message	39		createMessage	1534448499928	1534448500028	KO	status.find.in(200,304,201,202,203,204,205,206,207,208,209), but actually found 403
USER	Create a message	39	END	1534448499928	1534448500031
REQUEST	Create a message	29		createMessage	1534448499825	1534448500003	KO	status.find.in(200,304,201,202,203,204,205,206,207,208,209), but actually found 403
REQUEST	Create a message	46		createMessage	1534448499949	1534448500030	KO	status.find.in(200,304,201,202,203,204,205,206,207,208,209), but actually found 403
USER	Create a message	46	END	1534448499949	1534448500032
REQUEST	Create a message	41		createMessage	1534448499930	1534448500033	KO	status.find.in(200,304,201,202,203,204,205,206,207,208,209), but actually found 403
USER	Create a message	29	END	1534448499825	1534448500037
USER	Create a message	41	END	1534448499930	1534448500038
USER	Create a message	10	END	1534448499522	1534448500005
REQUEST	Create a message	33		createMessage	1534448499891	1534448500039	KO	status.find.in(200,304,201,202,203,204,205,206,207,208,209), but actually found 403
USER	Create a message	33	END	1534448499864	1534448500040
REQUEST	Create a message	40		createMessage	1534448499929	1534448500047	KO	status.find.in(200,304,201,202,203,204,205,206,207,208,209), but actually found 403
USER	Create a message	40	END	1534448499929	1534448500054
REQUEST	Create a message	38		createMessage	1534448499927	1534448500053	KO	status.find.in(200,304,201,202,203,204,205,206,207,208,209), but actually found 403
USER	Create a message	38	END	1534448499927	1534448500060
REQUEST	Create a message	32		createMessage	1534448499860	1534448500055	KO	status.find.in(200,304,201,202,203,204,205,206,207,208,209), but actually found 403
REQUEST	Create a message	28		createMessage	1534448499769	1534448500042	KO	status.find.in(200,304,201,202,203,204,205,206,207,208,209), but actually found 403
USER	Create a message	28	END	1534448499769	1534448500066
USER	Create a message	32	END	1534448499860	1534448500064
REQUEST	Create a message	37		createMessage	1534448499926	1534448500071	KO	status.find.in(200,304,201,202,203,204,205,206,207,208,209), but actually found 403
USER	Create a message	37	END	1534448499916	1534448500078
REQUEST	Create a message	45		createMessage	1534448499948	1534448500079	KO	status.find.in(200,304,201,202,203,204,205,206,207,208,209), but actually found 403
USER	Create a message	45	END	1534448499948	1534448500081
REQUEST	Create a message	42		createMessage	1534448499931	1534448500079	KO	status.find.in(200,304,201,202,203,204,205,206,207,208,209), but actually found 403
USER	Create a message	42	END	1534448499930	1534448500082
REQUEST	Create a message	34		createMessage	1534448499893	1534448500082	KO	status.find.in(200,304,201,202,203,204,205,206,207,208,209), but actually found 403
USER	Create a message	34	END	1534448499893	1534448500084
USER	Create a message	47	START	1534448500081	1534448500081
USER	Create a message	48	START	1534448500085	1534448500085
USER	Create a message	49	START	1534448500086	1534448500086
USER	Create a message	50	START	1534448500087	1534448500087
REQUEST	Create a message	36		createMessage	1534448499916	1534448500089	KO	status.find.in(200,304,201,202,203,204,205,206,207,208,209), but actually found 403
USER	Create a message	36	END	1534448499915	1534448500091
REQUEST	Create a message	44		createMessage	1534448499947	1534448500118	KO	status.find.in(200,304,201,202,203,204,205,206,207,208,209), but actually found 403
USER	Create a message	44	END	1534448499947	1534448500126
REQUEST	Create a message	50		createMessage	1534448500087	1534448500126	KO	status.find.in(200,304,201,202,203,204,205,206,207,208,209), but actually found 403
REQUEST	Create a message	47		createMessage	1534448500082	1534448500125	KO	status.find.in(200,304,201,202,203,204,205,206,207,208,209), but actually found 403
USER	Create a message	50	END	1534448500087	1534448500127
USER	Create a message	47	END	1534448500081	1534448500127
REQUEST	Create a message	49		createMessage	1534448500086	1534448500129	KO	status.find.in(200,304,201,202,203,204,205,206,207,208,209), but actually found 403
USER	Create a message	49	END	1534448500086	1534448500130
REQUEST	Create a message	48		createMessage	1534448500085	1534448500129	KO	status.find.in(200,304,201,202,203,204,205,206,207,208,209), but actually found 403
USER	Create a message	48	END	1534448500085	1534448500132
