RUN	messageservice.BasicSimulation		basicsimulation	1534448670218	 	2.0
USER	Create a message	1	START	1534448672242	1534448672242
USER	Create a message	2	START	1534448672317	1534448672317
USER	Create a message	3	START	1534448672326	1534448672326
USER	Create a message	4	START	1534448672351	1534448672351
USER	Create a message	5	START	1534448672370	1534448672370
USER	Create a message	6	START	1534448672376	1534448672376
USER	Create a message	7	START	1534448672444	1534448672444
USER	Create a message	8	START	1534448672456	1534448672456
USER	Create a message	9	START	1534448672458	1534448672458
USER	Create a message	10	START	1534448672468	1534448672468
USER	Create a message	11	START	1534448672470	1534448672470
USER	Create a message	12	START	1534448672475	1534448672475
USER	Create a message	13	START	1534448672500	1534448672500
USER	Create a message	14	START	1534448672502	1534448672502
USER	Create a message	15	START	1534448672504	1534448672504
USER	Create a message	16	START	1534448672505	1534448672505
USER	Create a message	17	START	1534448672507	1534448672507
USER	Create a message	18	START	1534448672509	1534448672509
USER	Create a message	19	START	1534448672511	1534448672511
USER	Create a message	20	START	1534448672513	1534448672513
USER	Create a message	21	START	1534448672514	1534448672514
USER	Create a message	22	START	1534448672516	1534448672516
USER	Create a message	23	START	1534448672532	1534448672532
USER	Create a message	24	START	1534448672534	1534448672534
USER	Create a message	25	START	1534448672535	1534448672535
USER	Create a message	26	START	1534448672539	1534448672539
USER	Create a message	27	START	1534448672545	1534448672545
USER	Create a message	28	START	1534448672549	1534448672549
USER	Create a message	29	START	1534448672551	1534448672551
USER	Create a message	30	START	1534448672557	1534448672557
USER	Create a message	31	START	1534448672562	1534448672562
USER	Create a message	32	START	1534448672564	1534448672564
USER	Create a message	33	START	1534448672565	1534448672565
REQUEST	Create a message	8		createMessage	1534448672457	1534448672497	KO	status.find.in(200,304,201,202,203,204,205,206,207,208,209), but actually found 403
REQUEST	Create a message	7		createMessage	1534448672454	1534448672468	KO	status.find.in(200,304,201,202,203,204,205,206,207,208,209), but actually found 403
REQUEST	Create a message	2		createMessage	1534448672318	1534448672453	KO	status.find.in(200,304,201,202,203,204,205,206,207,208,209), but actually found 403
REQUEST	Create a message	5		createMessage	1534448672373	1534448672429	KO	status.find.in(200,304,201,202,203,204,205,206,207,208,209), but actually found 403
REQUEST	Create a message	3		createMessage	1534448672327	1534448672435	KO	status.find.in(200,304,201,202,203,204,205,206,207,208,209), but actually found 403
REQUEST	Create a message	6		createMessage	1534448672376	1534448672421	KO	status.find.in(200,304,201,202,203,204,205,206,207,208,209), but actually found 403
REQUEST	Create a message	4		createMessage	1534448672351	1534448672420	KO	status.find.in(200,304,201,202,203,204,205,206,207,208,209), but actually found 403
USER	Create a message	4	END	1534448672351	1534448672632
USER	Create a message	5	END	1534448672370	1534448672634
USER	Create a message	6	END	1534448672376	1534448672635
REQUEST	Create a message	1		createMessage	1534448672304	1534448672349	KO	status.find.in(200,304,201,202,203,204,205,206,207,208,209), but actually found 403
USER	Create a message	8	END	1534448672456	1534448672649
USER	Create a message	7	END	1534448672444	1534448672651
USER	Create a message	2	END	1534448672317	1534448672652
USER	Create a message	3	END	1534448672326	1534448672653
USER	Create a message	1	END	1534448672242	1534448672661
REQUEST	Create a message	15		createMessage	1534448672504	1534448672686	KO	status.find.in(200,304,201,202,203,204,205,206,207,208,209), but actually found 403
USER	Create a message	15	END	1534448672504	1534448672709
USER	Create a message	34	START	1534448672628	1534448672628
REQUEST	Create a message	11		createMessage	1534448672470	1534448672716	KO	status.find.in(200,304,201,202,203,204,205,206,207,208,209), but actually found 403
REQUEST	Create a message	24		createMessage	1534448672534	1534448672809	KO	status.find.in(200,304,201,202,203,204,205,206,207,208,209), but actually found 403
USER	Create a message	24	END	1534448672534	1534448672862
USER	Create a message	35	START	1534448672746	1534448672746
REQUEST	Create a message	10		createMessage	1534448672468	1534448672777	KO	status.find.in(200,304,201,202,203,204,205,206,207,208,209), but actually found 403
USER	Create a message	10	END	1534448672468	1534448672867
REQUEST	Create a message	12		createMessage	1534448672476	1534448672798	KO	status.find.in(200,304,201,202,203,204,205,206,207,208,209), but actually found 403
USER	Create a message	11	END	1534448672470	1534448672871
REQUEST	Create a message	13		createMessage	1534448672500	1534448672825	KO	status.find.in(200,304,201,202,203,204,205,206,207,208,209), but actually found 403
USER	Create a message	13	END	1534448672500	1534448672876
REQUEST	Create a message	23		createMessage	1534448672533	1534448672869	KO	status.find.in(200,304,201,202,203,204,205,206,207,208,209), but actually found 403
REQUEST	Create a message	14		createMessage	1534448672502	1534448672769	KO	status.find.in(200,304,201,202,203,204,205,206,207,208,209), but actually found 403
USER	Create a message	14	END	1534448672502	1534448672885
USER	Create a message	12	END	1534448672475	1534448672924
REQUEST	Create a message	19		createMessage	1534448672512	1534448672924	KO	status.find.in(200,304,201,202,203,204,205,206,207,208,209), but actually found 403
USER	Create a message	19	END	1534448672511	1534448672927
USER	Create a message	36	START	1534448672867	1534448672867
USER	Create a message	23	END	1534448672532	1534448672929
REQUEST	Create a message	20		createMessage	1534448672513	1534448672926	KO	status.find.in(200,304,201,202,203,204,205,206,207,208,209), but actually found 403
USER	Create a message	20	END	1534448672513	1534448672931
REQUEST	Create a message	18		createMessage	1534448672510	1534448672868	KO	status.find.in(200,304,201,202,203,204,205,206,207,208,209), but actually found 403
REQUEST	Create a message	22		createMessage	1534448672531	1534448672887	KO	status.find.in(200,304,201,202,203,204,205,206,207,208,209), but actually found 403
REQUEST	Create a message	21		createMessage	1534448672515	1534448672925	KO	status.find.in(200,304,201,202,203,204,205,206,207,208,209), but actually found 403
USER	Create a message	21	END	1534448672514	1534448672945
REQUEST	Create a message	31		createMessage	1534448672563	1534448672942	KO	status.find.in(200,304,201,202,203,204,205,206,207,208,209), but actually found 403
USER	Create a message	31	END	1534448672562	1534448672948
REQUEST	Create a message	9		createMessage	1534448672459	1534448672935	KO	status.find.in(200,304,201,202,203,204,205,206,207,208,209), but actually found 403
USER	Create a message	9	END	1534448672458	1534448672950
REQUEST	Create a message	28		createMessage	1534448672550	1534448672948	KO	status.find.in(200,304,201,202,203,204,205,206,207,208,209), but actually found 403
USER	Create a message	28	END	1534448672549	1534448672952
REQUEST	Create a message	32		createMessage	1534448672564	1534448672933	KO	status.find.in(200,304,201,202,203,204,205,206,207,208,209), but actually found 403
USER	Create a message	18	END	1534448672509	1534448672957
USER	Create a message	22	END	1534448672516	1534448672988
REQUEST	Create a message	27		createMessage	1534448672545	1534448672958	KO	status.find.in(200,304,201,202,203,204,205,206,207,208,209), but actually found 403
USER	Create a message	27	END	1534448672545	1534448672993
USER	Create a message	37	START	1534448672930	1534448672930
USER	Create a message	38	START	1534448672995	1534448672995
USER	Create a message	39	START	1534448672996	1534448672996
USER	Create a message	32	END	1534448672564	1534448673000
REQUEST	Create a message	26		createMessage	1534448672540	1534448672958	KO	status.find.in(200,304,201,202,203,204,205,206,207,208,209), but actually found 403
USER	Create a message	26	END	1534448672539	1534448673004
REQUEST	Create a message	36		createMessage	1534448672874	1534448673015	KO	status.find.in(200,304,201,202,203,204,205,206,207,208,209), but actually found 403
USER	Create a message	36	END	1534448672867	1534448673023
USER	Create a message	40	START	1534448673000	1534448673000
REQUEST	Create a message	17		createMessage	1534448672508	1534448672995	KO	status.find.in(200,304,201,202,203,204,205,206,207,208,209), but actually found 403
USER	Create a message	17	END	1534448672507	1534448673054
REQUEST	Create a message	34		createMessage	1534448672655	1534448673054	KO	status.find.in(200,304,201,202,203,204,205,206,207,208,209), but actually found 403
USER	Create a message	34	END	1534448672628	1534448673058
REQUEST	Create a message	16		createMessage	1534448672506	1534448673024	KO	status.find.in(200,304,201,202,203,204,205,206,207,208,209), but actually found 403
USER	Create a message	16	END	1534448672505	1534448673060
USER	Create a message	41	START	1534448673025	1534448673025
REQUEST	Create a message	30		createMessage	1534448672558	1534448672989	KO	status.find.in(200,304,201,202,203,204,205,206,207,208,209), but actually found 403
USER	Create a message	30	END	1534448672557	1534448673073
REQUEST	Create a message	29		createMessage	1534448672551	1534448673010	KO	status.find.in(200,304,201,202,203,204,205,206,207,208,209), but actually found 403
REQUEST	Create a message	35		createMessage	1534448672747	1534448673017	KO	status.find.in(200,304,201,202,203,204,205,206,207,208,209), but actually found 403
REQUEST	Create a message	38		createMessage	1534448672995	1534448673087	KO	status.find.in(200,304,201,202,203,204,205,206,207,208,209), but actually found 403
USER	Create a message	38	END	1534448672995	1534448673090
REQUEST	Create a message	25		createMessage	1534448672536	1534448673064	KO	status.find.in(200,304,201,202,203,204,205,206,207,208,209), but actually found 403
USER	Create a message	25	END	1534448672535	1534448673134
USER	Create a message	29	END	1534448672551	1534448673136
USER	Create a message	42	START	1534448673066	1534448673066
USER	Create a message	35	END	1534448672746	1534448673139
USER	Create a message	43	START	1534448673139	1534448673139
REQUEST	Create a message	40		createMessage	1534448673024	1534448673134	KO	status.find.in(200,304,201,202,203,204,205,206,207,208,209), but actually found 403
USER	Create a message	40	END	1534448673000	1534448673152
REQUEST	Create a message	39		createMessage	1534448672999	1534448673134	KO	status.find.in(200,304,201,202,203,204,205,206,207,208,209), but actually found 403
USER	Create a message	39	END	1534448672996	1534448673157
REQUEST	Create a message	37		createMessage	1534448672946	1534448673157	KO	status.find.in(200,304,201,202,203,204,205,206,207,208,209), but actually found 403
USER	Create a message	37	END	1534448672930	1534448673186
USER	Create a message	44	START	1534448673147	1534448673147
USER	Create a message	45	START	1534448673186	1534448673186
USER	Create a message	46	START	1534448673200	1534448673200
REQUEST	Create a message	42		createMessage	1534448673133	1534448673201	KO	status.find.in(200,304,201,202,203,204,205,206,207,208,209), but actually found 403
USER	Create a message	42	END	1534448673066	1534448673208
USER	Create a message	47	START	1534448673202	1534448673202
REQUEST	Create a message	44		createMessage	1534448673159	1534448673208	KO	status.find.in(200,304,201,202,203,204,205,206,207,208,209), but actually found 403
USER	Create a message	44	END	1534448673147	1534448673215
REQUEST	Create a message	33		createMessage	1534448672565	1534448673211	KO	status.find.in(200,304,201,202,203,204,205,206,207,208,209), but actually found 403
USER	Create a message	33	END	1534448672565	1534448673218
REQUEST	Create a message	45		createMessage	1534448673192	1534448673222	KO	status.find.in(200,304,201,202,203,204,205,206,207,208,209), but actually found 403
USER	Create a message	48	START	1534448673212	1534448673212
USER	Create a message	45	END	1534448673186	1534448673230
REQUEST	Create a message	43		createMessage	1534448673143	1534448673207	KO	status.find.in(200,304,201,202,203,204,205,206,207,208,209), but actually found 403
USER	Create a message	43	END	1534448673139	1534448673233
USER	Create a message	49	START	1534448673231	1534448673231
REQUEST	Create a message	46		createMessage	1534448673201	1534448673260	KO	status.find.in(200,304,201,202,203,204,205,206,207,208,209), but actually found 403
USER	Create a message	46	END	1534448673200	1534448673268
USER	Create a message	50	START	1534448673264	1534448673264
REQUEST	Create a message	47		createMessage	1534448673207	1534448673253	KO	status.find.in(200,304,201,202,203,204,205,206,207,208,209), but actually found 403
USER	Create a message	47	END	1534448673202	1534448673284
REQUEST	Create a message	48		createMessage	1534448673213	1534448673266	KO	status.find.in(200,304,201,202,203,204,205,206,207,208,209), but actually found 403
REQUEST	Create a message	41		createMessage	1534448673062	1534448673283	KO	status.find.in(200,304,201,202,203,204,205,206,207,208,209), but actually found 403
USER	Create a message	41	END	1534448673025	1534448673287
USER	Create a message	48	END	1534448673212	1534448673287
REQUEST	Create a message	50		createMessage	1534448673265	1534448673284	KO	status.find.in(200,304,201,202,203,204,205,206,207,208,209), but actually found 403
USER	Create a message	50	END	1534448673264	1534448673327
REQUEST	Create a message	49		createMessage	1534448673260	1534448673328	KO	status.find.in(200,304,201,202,203,204,205,206,207,208,209), but actually found 403
USER	Create a message	49	END	1534448673231	1534448673331
