RUN	messageservice.BasicSimulation		basicsimulation	1534450143695	 	2.0
USER	Create a message	1	START	1534450145480	1534450145480
USER	Create a message	2	START	1534450145562	1534450145562
USER	Create a message	3	START	1534450145565	1534450145565
USER	Create a message	4	START	1534450145568	1534450145568
USER	Create a message	5	START	1534450145573	1534450145573
USER	Create a message	6	START	1534450145589	1534450145589
USER	Create a message	7	START	1534450145606	1534450145606
USER	Create a message	8	START	1534450145624	1534450145624
USER	Create a message	9	START	1534450145632	1534450145632
USER	Create a message	10	START	1534450145656	1534450145656
USER	Create a message	11	START	1534450145659	1534450145659
USER	Create a message	12	START	1534450145661	1534450145661
USER	Create a message	13	START	1534450145662	1534450145662
USER	Create a message	14	START	1534450145700	1534450145700
USER	Create a message	15	START	1534450145702	1534450145702
USER	Create a message	16	START	1534450145705	1534450145705
USER	Create a message	17	START	1534450145721	1534450145721
REQUEST	Create a message	9		createMessage	1534450145635	1534450145687	OK	 
REQUEST	Create a message	8		createMessage	1534450145624	1534450145687	OK	 
REQUEST	Create a message	7		createMessage	1534450145618	1534450145687	OK	 
REQUEST	Create a message	5		createMessage	1534450145573	1534450145742	OK	 
REQUEST	Create a message	10		createMessage	1534450145657	1534450145746	OK	 
USER	Create a message	18	START	1534450145736	1534450145736
REQUEST	Create a message	4		createMessage	1534450145570	1534450145758	OK	 
USER	Create a message	19	START	1534450145751	1534450145751
REQUEST	Create a message	12		createMessage	1534450145661	1534450145762	OK	 
REQUEST	Create a message	6		createMessage	1534450145589	1534450145762	OK	 
REQUEST	Create a message	2		createMessage	1534450145563	1534450145771	OK	 
REQUEST	Create a message	3		createMessage	1534450145565	1534450145773	OK	 
REQUEST	Create a message	1		createMessage	1534450145547	1534450145773	OK	 
USER	Create a message	20	START	1534450145767	1534450145767
REQUEST	Create a message	11		createMessage	1534450145659	1534450145780	OK	 
USER	Create a message	21	START	1534450145776	1534450145776
USER	Create a message	22	START	1534450145784	1534450145784
USER	Create a message	23	START	1534450145789	1534450145789
REQUEST	Create a message	13		createMessage	1534450145664	1534450145795	OK	 
REQUEST	Create a message	22		createMessage	1534450145785	1534450145836	OK	 
REQUEST	Create a message	23		createMessage	1534450145789	1534450145827	OK	 
USER	Create a message	24	START	1534450145790	1534450145790
USER	Create a message	25	START	1534450145840	1534450145840
REQUEST	Create a message	15		createMessage	1534450145703	1534450145838	OK	 
USER	Create a message	26	START	1534450145843	1534450145843
REQUEST	Create a message	14		createMessage	1534450145701	1534450145852	OK	 
REQUEST	Create a message	19		createMessage	1534450145752	1534450145854	OK	 
REQUEST	Create a message	16		createMessage	1534450145705	1534450145867	OK	 
REQUEST	Create a message	18		createMessage	1534450145737	1534450145875	OK	 
REQUEST	Create a message	17		createMessage	1534450145732	1534450145854	OK	 
REQUEST	Create a message	24		createMessage	1534450145796	1534450145877	OK	 
REQUEST	Create a message	21		createMessage	1534450145777	1534450145883	OK	 
REQUEST	Create a message	20		createMessage	1534450145774	1534450145883	OK	 
REQUEST	Create a message	25		createMessage	1534450145840	1534450145884	OK	 
USER	Create a message	27	START	1534450145847	1534450145847
REQUEST	Create a message	26		createMessage	1534450145844	1534450145887	OK	 
USER	Create a message	28	START	1534450145901	1534450145901
USER	Create a message	29	START	1534450145908	1534450145908
REQUEST	Create a message	28		createMessage	1534450145901	1534450145915	OK	 
USER	Create a message	30	START	1534450145911	1534450145911
REQUEST	Create a message	27		createMessage	1534450145886	1534450145916	OK	 
REQUEST	Create a message	29		createMessage	1534450145908	1534450145924	OK	 
USER	Create a message	31	START	1534450145918	1534450145918
USER	Create a message	32	START	1534450145926	1534450145926
USER	Create a message	33	START	1534450145928	1534450145928
USER	Create a message	34	START	1534450145930	1534450145930
REQUEST	Create a message	30		createMessage	1534450145912	1534450145939	OK	 
REQUEST	Create a message	31		createMessage	1534450145923	1534450145940	OK	 
USER	Create a message	35	START	1534450145940	1534450145940
USER	Create a message	36	START	1534450145944	1534450145944
USER	Create a message	37	START	1534450145951	1534450145951
USER	Create a message	38	START	1534450145952	1534450145952
REQUEST	Create a message	33		createMessage	1534450145929	1534450145963	OK	 
REQUEST	Create a message	32		createMessage	1534450145926	1534450145964	OK	 
USER	Create a message	39	START	1534450145959	1534450145959
REQUEST	Create a message	34		createMessage	1534450145939	1534450145976	OK	 
REQUEST	Create a message	37		createMessage	1534450145951	1534450145983	OK	 
REQUEST	Create a message	36		createMessage	1534450145944	1534450145984	OK	 
USER	Create a message	40	START	1534450145966	1534450145966
REQUEST	Create a message	35		createMessage	1534450145940	1534450145987	OK	 
USER	Create a message	41	START	1534450145985	1534450145985
REQUEST	Create a message	38		createMessage	1534450145953	1534450145991	OK	 
REQUEST	Create a message	39		createMessage	1534450145959	1534450145998	OK	 
USER	Create a message	42	START	1534450145993	1534450145993
USER	Create a message	43	START	1534450145999	1534450145999
REQUEST	Create a message	41		createMessage	1534450145986	1534450146007	OK	 
REQUEST	Create a message	40		createMessage	1534450145985	1534450146007	OK	 
USER	Create a message	44	START	1534450146000	1534450146000
USER	Create a message	45	START	1534450146012	1534450146012
USER	Create a message	46	START	1534450146014	1534450146014
USER	Create a message	47	START	1534450146016	1534450146016
USER	Create a message	48	START	1534450146017	1534450146017
USER	Create a message	49	START	1534450146020	1534450146020
REQUEST	Create a message	43		createMessage	1534450145999	1534450146017	OK	 
USER	Create a message	50	START	1534450146027	1534450146027
REQUEST	Create a message	44		createMessage	1534450146001	1534450146036	OK	 
REQUEST	Create a message	47		createMessage	1534450146016	1534450146038	OK	 
REQUEST	Create a message	46		createMessage	1534450146014	1534450146038	OK	 
REQUEST	Create a message	42		createMessage	1534450145993	1534450146019	OK	 
REQUEST	Create a message	49		createMessage	1534450146021	1534450146044	OK	 
REQUEST	Create a message	45		createMessage	1534450146013	1534450146050	OK	 
REQUEST	Create a message	48		createMessage	1534450146018	1534450146052	OK	 
REQUEST	Create a message	50		createMessage	1534450146027	1534450146062	OK	 
REQUEST	Create a message	7		getMessage	1534450146719	1534450146730	OK	 
REQUEST	Create a message	9		getMessage	1534450146719	1534450146731	OK	 
REQUEST	Create a message	8		getMessage	1534450146719	1534450146731	OK	 
USER	Create a message	7	END	1534450145606	1534450146734
USER	Create a message	8	END	1534450145624	1534450146735
USER	Create a message	9	END	1534450145632	1534450146735
REQUEST	Create a message	10		getMessage	1534450146768	1534450146773	OK	 
REQUEST	Create a message	5		getMessage	1534450146768	1534450146773	OK	 
USER	Create a message	10	END	1534450145656	1534450146774
USER	Create a message	5	END	1534450145573	1534450146774
REQUEST	Create a message	12		getMessage	1534450146778	1534450146783	OK	 
USER	Create a message	12	END	1534450145661	1534450146785
REQUEST	Create a message	4		getMessage	1534450146778	1534450146785	OK	 
USER	Create a message	4	END	1534450145568	1534450146787
REQUEST	Create a message	6		getMessage	1534450146778	1534450146787	OK	 
USER	Create a message	6	END	1534450145589	1534450146788
REQUEST	Create a message	1		getMessage	1534450146789	1534450146794	OK	 
USER	Create a message	1	END	1534450145480	1534450146798
REQUEST	Create a message	2		getMessage	1534450146791	1534450146799	OK	 
USER	Create a message	2	END	1534450145562	1534450146800
REQUEST	Create a message	3		getMessage	1534450146791	1534450146805	OK	 
USER	Create a message	3	END	1534450145565	1534450146807
REQUEST	Create a message	11		getMessage	1534450146799	1534450146808	OK	 
USER	Create a message	11	END	1534450145659	1534450146810
REQUEST	Create a message	13		getMessage	1534450146810	1534450146817	OK	 
USER	Create a message	13	END	1534450145662	1534450146824
REQUEST	Create a message	23		getMessage	1534450146837	1534450146841	OK	 
USER	Create a message	23	END	1534450145789	1534450146841
REQUEST	Create a message	22		getMessage	1534450146849	1534450146852	OK	 
USER	Create a message	22	END	1534450145784	1534450146853
REQUEST	Create a message	15		getMessage	1534450146859	1534450146862	OK	 
USER	Create a message	15	END	1534450145702	1534450146863
REQUEST	Create a message	17		getMessage	1534450146869	1534450146874	OK	 
REQUEST	Create a message	19		getMessage	1534450146869	1534450146874	OK	 
REQUEST	Create a message	14		getMessage	1534450146869	1534450146874	OK	 
USER	Create a message	17	END	1534450145721	1534450146874
USER	Create a message	19	END	1534450145751	1534450146874
USER	Create a message	14	END	1534450145700	1534450146874
REQUEST	Create a message	16		getMessage	1534450146878	1534450146880	OK	 
USER	Create a message	16	END	1534450145705	1534450146881
REQUEST	Create a message	18		getMessage	1534450146888	1534450146892	OK	 
USER	Create a message	18	END	1534450145736	1534450146893
REQUEST	Create a message	26		getMessage	1534450146898	1534450146900	OK	 
USER	Create a message	26	END	1534450145843	1534450146901
REQUEST	Create a message	21		getMessage	1534450146907	1534450146911	OK	 
USER	Create a message	21	END	1534450145776	1534450146912
REQUEST	Create a message	24		getMessage	1534450146907	1534450146914	OK	 
USER	Create a message	24	END	1534450145790	1534450146915
REQUEST	Create a message	20		getMessage	1534450146907	1534450146915	OK	 
USER	Create a message	20	END	1534450145767	1534450146916
REQUEST	Create a message	25		getMessage	1534450146907	1534450146915	OK	 
USER	Create a message	25	END	1534450145840	1534450146917
REQUEST	Create a message	28		getMessage	1534450146928	1534450146931	OK	 
USER	Create a message	28	END	1534450145901	1534450146932
REQUEST	Create a message	29		getMessage	1534450146938	1534450146942	OK	 
USER	Create a message	29	END	1534450145908	1534450146943
REQUEST	Create a message	27		getMessage	1534450146938	1534450146942	OK	 
USER	Create a message	27	END	1534450145847	1534450146944
REQUEST	Create a message	31		getMessage	1534450146959	1534450146963	OK	 
REQUEST	Create a message	30		getMessage	1534450146959	1534450146963	OK	 
USER	Create a message	31	END	1534450145918	1534450146964
USER	Create a message	30	END	1534450145911	1534450146964
REQUEST	Create a message	33		getMessage	1534450146978	1534450146983	OK	 
USER	Create a message	33	END	1534450145928	1534450146984
REQUEST	Create a message	32		getMessage	1534450146978	1534450146985	OK	 
USER	Create a message	32	END	1534450145926	1534450146986
REQUEST	Create a message	34		getMessage	1534450146988	1534450146991	OK	 
USER	Create a message	34	END	1534450145930	1534450146991
REQUEST	Create a message	36		getMessage	1534450147000	1534450147004	OK	 
USER	Create a message	36	END	1534450145944	1534450147005
REQUEST	Create a message	37		getMessage	1534450147000	1534450147004	OK	 
USER	Create a message	37	END	1534450145951	1534450147006
REQUEST	Create a message	35		getMessage	1534450147008	1534450147011	OK	 
REQUEST	Create a message	38		getMessage	1534450147008	1534450147011	OK	 
USER	Create a message	38	END	1534450145952	1534450147012
USER	Create a message	35	END	1534450145940	1534450147012
REQUEST	Create a message	39		getMessage	1534450147017	1534450147019	OK	 
USER	Create a message	39	END	1534450145959	1534450147020
REQUEST	Create a message	41		getMessage	1534450147028	1534450147031	OK	 
USER	Create a message	41	END	1534450145985	1534450147032
REQUEST	Create a message	40		getMessage	1534450147028	1534450147032	OK	 
USER	Create a message	40	END	1534450145966	1534450147032
REQUEST	Create a message	43		getMessage	1534450147039	1534450147043	OK	 
USER	Create a message	43	END	1534450145999	1534450147044
REQUEST	Create a message	42		getMessage	1534450147039	1534450147043	OK	 
USER	Create a message	42	END	1534450145993	1534450147045
REQUEST	Create a message	47		getMessage	1534450147058	1534450147062	OK	 
USER	Create a message	47	END	1534450146016	1534450147063
REQUEST	Create a message	46		getMessage	1534450147058	1534450147062	OK	 
REQUEST	Create a message	49		getMessage	1534450147058	1534450147063	OK	 
USER	Create a message	46	END	1534450146014	1534450147063
REQUEST	Create a message	44		getMessage	1534450147058	1534450147063	OK	 
USER	Create a message	49	END	1534450146020	1534450147063
USER	Create a message	44	END	1534450146000	1534450147063
REQUEST	Create a message	45		getMessage	1534450147067	1534450147070	OK	 
REQUEST	Create a message	48		getMessage	1534450147067	1534450147070	OK	 
USER	Create a message	48	END	1534450146017	1534450147071
USER	Create a message	45	END	1534450146012	1534450147071
REQUEST	Create a message	50		getMessage	1534450147078	1534450147082	OK	 
USER	Create a message	50	END	1534450146027	1534450147083
