RUN	messageservice.BasicSimulation		basicsimulation	1534449371060	 	2.0
USER	Create a message	1	START	1534449373108	1534449373108
USER	Create a message	2	START	1534449373191	1534449373191
USER	Create a message	3	START	1534449373197	1534449373197
USER	Create a message	4	START	1534449373200	1534449373200
USER	Create a message	5	START	1534449373256	1534449373256
USER	Create a message	6	START	1534449373318	1534449373318
REQUEST	Create a message	5		main createMessage	1534449373257	1534449373346	OK	 
REQUEST	Create a message	2		main createMessage	1534449373192	1534449373352	OK	 
REQUEST	Create a message	3		main createMessage	1534449373198	1534449373355	OK	 
REQUEST	Create a message	4		main createMessage	1534449373201	1534449373353	OK	 
REQUEST	Create a message	6		main createMessage	1534449373319	1534449373366	OK	 
REQUEST	Create a message	1		main createMessage	1534449373177	1534449373425	OK	 
USER	Create a message	7	START	1534449373367	1534449373367
USER	Create a message	8	START	1534449373468	1534449373468
USER	Create a message	9	START	1534449373472	1534449373472
REQUEST	Create a message	7		main createMessage	1534449373430	1534449373501	OK	 
USER	Create a message	10	START	1534449373477	1534449373477
USER	Create a message	11	START	1534449373504	1534449373504
REQUEST	Create a message	10		main createMessage	1534449373498	1534449373555	OK	 
USER	Create a message	12	START	1534449373509	1534449373509
REQUEST	Create a message	12		main createMessage	1534449373509	1534449373583	OK	 
REQUEST	Create a message	11		main createMessage	1534449373504	1534449373585	OK	 
USER	Create a message	13	START	1534449373584	1534449373584
REQUEST	Create a message	8		main createMessage	1534449373469	1534449373585	OK	 
REQUEST	Create a message	9		main createMessage	1534449373473	1534449373590	OK	 
USER	Create a message	14	START	1534449373586	1534449373586
USER	Create a message	15	START	1534449373653	1534449373653
REQUEST	Create a message	13		main createMessage	1534449373585	1534449373656	OK	 
USER	Create a message	16	START	1534449373659	1534449373659
REQUEST	Create a message	15		main createMessage	1534449373654	1534449373679	OK	 
USER	Create a message	17	START	1534449373661	1534449373661
REQUEST	Create a message	14		main createMessage	1534449373586	1534449373679	OK	 
USER	Create a message	18	START	1534449373681	1534449373681
REQUEST	Create a message	17		main createMessage	1534449373662	1534449373734	OK	 
REQUEST	Create a message	16		main createMessage	1534449373659	1534449373734	OK	 
REQUEST	Create a message	18		main createMessage	1534449373683	1534449373736	OK	 
USER	Create a message	19	START	1534449373686	1534449373686
USER	Create a message	20	START	1534449373738	1534449373738
USER	Create a message	21	START	1534449373741	1534449373741
REQUEST	Create a message	19		main createMessage	1534449373734	1534449373763	OK	 
USER	Create a message	22	START	1534449373766	1534449373766
REQUEST	Create a message	20		main createMessage	1534449373739	1534449373774	OK	 
USER	Create a message	23	START	1534449373770	1534449373770
REQUEST	Create a message	21		main createMessage	1534449373741	1534449373810	OK	 
REQUEST	Create a message	22		main createMessage	1534449373767	1534449373814	OK	 
USER	Create a message	24	START	1534449373812	1534449373812
USER	Create a message	25	START	1534449373819	1534449373819
REQUEST	Create a message	25		main createMessage	1534449373821	1534449373899	OK	 
REQUEST	Create a message	24		main createMessage	1534449373814	1534449373899	OK	 
REQUEST	Create a message	23		main createMessage	1534449373771	1534449373899	OK	 
USER	Create a message	26	START	1534449373828	1534449373828
USER	Create a message	27	START	1534449373902	1534449373902
USER	Create a message	28	START	1534449373903	1534449373903
REQUEST	Create a message	26		main createMessage	1534449373899	1534449373948	OK	 
USER	Create a message	29	START	1534449373905	1534449373905
USER	Create a message	30	START	1534449373957	1534449373957
USER	Create a message	31	START	1534449373962	1534449373962
USER	Create a message	32	START	1534449373965	1534449373965
REQUEST	Create a message	28		main createMessage	1534449373904	1534449374028	OK	 
REQUEST	Create a message	27		main createMessage	1534449373902	1534449374028	OK	 
REQUEST	Create a message	31		main createMessage	1534449373963	1534449374118	OK	 
REQUEST	Create a message	30		main createMessage	1534449373959	1534449374118	OK	 
REQUEST	Create a message	29		main createMessage	1534449373948	1534449374029	OK	 
USER	Create a message	33	START	1534449374029	1534449374029
REQUEST	Create a message	32		main createMessage	1534449373969	1534449374119	OK	 
USER	Create a message	34	START	1534449374122	1534449374122
USER	Create a message	35	START	1534449374125	1534449374125
USER	Create a message	36	START	1534449374127	1534449374127
USER	Create a message	37	START	1534449374130	1534449374130
USER	Create a message	38	START	1534449374144	1534449374144
USER	Create a message	39	START	1534449374149	1534449374149
USER	Create a message	40	START	1534449374154	1534449374154
USER	Create a message	41	START	1534449374158	1534449374158
USER	Create a message	42	START	1534449374190	1534449374190
USER	Create a message	43	START	1534449374192	1534449374192
USER	Create a message	44	START	1534449374195	1534449374195
USER	Create a message	45	START	1534449374199	1534449374199
USER	Create a message	46	START	1534449374210	1534449374210
USER	Create a message	47	START	1534449374214	1534449374214
USER	Create a message	48	START	1534449374216	1534449374216
USER	Create a message	49	START	1534449374272	1534449374272
USER	Create a message	50	START	1534449374278	1534449374278
REQUEST	Create a message	43		main createMessage	1534449374193	1534449374354	OK	 
GROUP	Failed to build request main getMessage: No attribute named 'main' is defined 	1534449374391
GROUP	Failed to build request main getMessage: No attribute named 'main' is defined 	1534449374393
GROUP	Failed to build request main getMessage: No attribute named 'main' is defined 	1534449374393
GROUP	Failed to build request main getMessage: No attribute named 'main' is defined 	1534449374393
GROUP	Failed to build request main getMessage: No attribute named 'main' is defined 	1534449374405
REQUEST	Create a message	44		main createMessage	1534449374195	1534449374418	OK	 
REQUEST	Create a message	47		main createMessage	1534449374215	1534449374419	OK	 
REQUEST	Create a message	50		main createMessage	1534449374289	1534449374420	OK	 
REQUEST	Create a message	35		main createMessage	1534449374125	1534449374425	OK	 
REQUEST	Create a message	33		main createMessage	1534449374120	1534449374418	OK	 
USER	Create a message	2	END	1534449373191	1534449374430
USER	Create a message	5	END	1534449373256	1534449374430
REQUEST	Create a message	39		main createMessage	1534449374152	1534449374424	OK	 
REQUEST	Create a message	45		main createMessage	1534449374203	1534449374424	OK	 
GROUP	Failed to build request main getMessage: No attribute named 'main' is defined 	1534449374444
REQUEST	Create a message	49		main createMessage	1534449374274	1534449374442	OK	 
USER	Create a message	1	END	1534449373108	1534449374445
REQUEST	Create a message	46		main createMessage	1534449374211	1534449374425	OK	 
REQUEST	Create a message	41		main createMessage	1534449374188	1534449374447	OK	 
USER	Create a message	6	END	1534449373318	1534449374450
REQUEST	Create a message	36		main createMessage	1534449374127	1534449374428	OK	 
USER	Create a message	4	END	1534449373200	1534449374451
REQUEST	Create a message	48		main createMessage	1534449374217	1534449374425	OK	 
REQUEST	Create a message	42		main createMessage	1534449374191	1534449374453	OK	 
USER	Create a message	3	END	1534449373197	1534449374454
REQUEST	Create a message	38		main createMessage	1534449374145	1534449374458	OK	 
REQUEST	Create a message	37		main createMessage	1534449374131	1534449374485	OK	 
REQUEST	Create a message	34		main createMessage	1534449374123	1534449374484	OK	 
REQUEST	Create a message	40		main createMessage	1534449374155	1534449374461	OK	 
GROUP	Failed to build request main getMessage: No attribute named 'main' is defined 	1534449374515
USER	Create a message	7	END	1534449373367	1534449374516
GROUP	Failed to build request main getMessage: No attribute named 'main' is defined 	1534449374595
USER	Create a message	10	END	1534449373477	1534449374596
GROUP	Failed to build request main getMessage: No attribute named 'main' is defined 	1534449374603
GROUP	Failed to build request main getMessage: No attribute named 'main' is defined 	1534449374603
GROUP	Failed to build request main getMessage: No attribute named 'main' is defined 	1534449374603
GROUP	Failed to build request main getMessage: No attribute named 'main' is defined 	1534449374604
USER	Create a message	8	END	1534449373468	1534449374604
USER	Create a message	12	END	1534449373509	1534449374605
USER	Create a message	11	END	1534449373504	1534449374607
USER	Create a message	9	END	1534449373472	1534449374607
GROUP	Failed to build request main getMessage: No attribute named 'main' is defined 	1534449374683
USER	Create a message	13	END	1534449373584	1534449374684
GROUP	Failed to build request main getMessage: No attribute named 'main' is defined 	1534449374693
GROUP	Failed to build request main getMessage: No attribute named 'main' is defined 	1534449374693
USER	Create a message	14	END	1534449373586	1534449374694
USER	Create a message	15	END	1534449373653	1534449374695
GROUP	Failed to build request main getMessage: No attribute named 'main' is defined 	1534449374754
GROUP	Failed to build request main getMessage: No attribute named 'main' is defined 	1534449374754
GROUP	Failed to build request main getMessage: No attribute named 'main' is defined 	1534449374754
USER	Create a message	17	END	1534449373661	1534449374755
USER	Create a message	16	END	1534449373659	1534449374755
USER	Create a message	18	END	1534449373681	1534449374756
GROUP	Failed to build request main getMessage: No attribute named 'main' is defined 	1534449374785
USER	Create a message	19	END	1534449373686	1534449374785
GROUP	Failed to build request main getMessage: No attribute named 'main' is defined 	1534449374795
USER	Create a message	20	END	1534449373738	1534449374795
GROUP	Failed to build request main getMessage: No attribute named 'main' is defined 	1534449374834
USER	Create a message	22	END	1534449373766	1534449374835
GROUP	Failed to build request main getMessage: No attribute named 'main' is defined 	1534449374844
USER	Create a message	21	END	1534449373741	1534449374844
GROUP	Failed to build request main getMessage: No attribute named 'main' is defined 	1534449374915
GROUP	Failed to build request main getMessage: No attribute named 'main' is defined 	1534449374915
USER	Create a message	23	END	1534449373770	1534449374915
USER	Create a message	25	END	1534449373819	1534449374915
GROUP	Failed to build request main getMessage: No attribute named 'main' is defined 	1534449374915
USER	Create a message	24	END	1534449373812	1534449374918
GROUP	Failed to build request main getMessage: No attribute named 'main' is defined 	1534449374974
USER	Create a message	26	END	1534449373828	1534449374975
GROUP	Failed to build request main getMessage: No attribute named 'main' is defined 	1534449375046
USER	Create a message	29	END	1534449373905	1534449375046
GROUP	Failed to build request main getMessage: No attribute named 'main' is defined 	1534449375133
GROUP	Failed to build request main getMessage: No attribute named 'main' is defined 	1534449375133
GROUP	Failed to build request main getMessage: No attribute named 'main' is defined 	1534449375133
GROUP	Failed to build request main getMessage: No attribute named 'main' is defined 	1534449375133
USER	Create a message	27	END	1534449373902	1534449375134
USER	Create a message	28	END	1534449373903	1534449375134
USER	Create a message	32	END	1534449373965	1534449375134
GROUP	Failed to build request main getMessage: No attribute named 'main' is defined 	1534449375135
USER	Create a message	31	END	1534449373962	1534449375135
USER	Create a message	30	END	1534449373957	1534449375136
GROUP	Failed to build request main getMessage: No attribute named 'main' is defined 	1534449375374
USER	Create a message	43	END	1534449374192	1534449375374
GROUP	Failed to build request main getMessage: No attribute named 'main' is defined 	1534449375435
GROUP	Failed to build request main getMessage: No attribute named 'main' is defined 	1534449375435
GROUP	Failed to build request main getMessage: No attribute named 'main' is defined 	1534449375436
USER	Create a message	44	END	1534449374195	1534449375438
USER	Create a message	47	END	1534449374214	1534449375438
USER	Create a message	33	END	1534449374029	1534449375439
GROUP	Failed to build request main getMessage: No attribute named 'main' is defined 	1534449375446
USER	Create a message	50	END	1534449374278	1534449375446
GROUP	Failed to build request main getMessage: No attribute named 'main' is defined 	1534449375447
GROUP	Failed to build request main getMessage: No attribute named 'main' is defined 	1534449375447
USER	Create a message	46	END	1534449374210	1534449375447
USER	Create a message	36	END	1534449374127	1534449375450
GROUP	Failed to build request main getMessage: No attribute named 'main' is defined 	1534449375454
USER	Create a message	48	END	1534449374216	1534449375454
GROUP	Failed to build request main getMessage: No attribute named 'main' is defined 	1534449375465
GROUP	Failed to build request main getMessage: No attribute named 'main' is defined 	1534449375465
GROUP	Failed to build request main getMessage: No attribute named 'main' is defined 	1534449375465
GROUP	Failed to build request main getMessage: No attribute named 'main' is defined 	1534449375465
USER	Create a message	49	END	1534449374272	1534449375465
GROUP	Failed to build request main getMessage: No attribute named 'main' is defined 	1534449375465
GROUP	Failed to build request main getMessage: No attribute named 'main' is defined 	1534449375473
USER	Create a message	39	END	1534449374149	1534449375475
USER	Create a message	35	END	1534449374125	1534449375476
USER	Create a message	38	END	1534449374144	1534449375477
USER	Create a message	41	END	1534449374158	1534449375478
USER	Create a message	45	END	1534449374199	1534449375475
GROUP	Failed to build request main getMessage: No attribute named 'main' is defined 	1534449375485
USER	Create a message	40	END	1534449374154	1534449375487
GROUP	Failed to build request main getMessage: No attribute named 'main' is defined 	1534449375503
GROUP	Failed to build request main getMessage: No attribute named 'main' is defined 	1534449375503
GROUP	Failed to build request main getMessage: No attribute named 'main' is defined 	1534449375503
USER	Create a message	42	END	1534449374190	1534449375504
USER	Create a message	37	END	1534449374130	1534449375504
USER	Create a message	34	END	1534449374122	1534449375504
