RUN	messageservice.BasicSimulation		basicsimulation	1534448360249	fdsa	2.0
USER	Create a message	1	START	1534448362065	1534448362065
USER	Create a message	2	START	1534448362125	1534448362125
USER	Create a message	3	START	1534448362127	1534448362127
USER	Create a message	4	START	1534448362130	1534448362130
USER	Create a message	5	START	1534448362132	1534448362132
USER	Create a message	6	START	1534448362134	1534448362134
USER	Create a message	7	START	1534448362137	1534448362137
USER	Create a message	8	START	1534448362160	1534448362160
USER	Create a message	9	START	1534448362164	1534448362164
USER	Create a message	10	START	1534448362270	1534448362270
USER	Create a message	11	START	1534448362272	1534448362272
USER	Create a message	12	START	1534448362275	1534448362275
USER	Create a message	13	START	1534448362277	1534448362277
USER	Create a message	14	START	1534448362283	1534448362283
USER	Create a message	15	START	1534448362290	1534448362290
USER	Create a message	16	START	1534448362308	1534448362308
USER	Create a message	17	START	1534448362313	1534448362313
USER	Create a message	18	START	1534448362329	1534448362329
USER	Create a message	19	START	1534448362331	1534448362331
USER	Create a message	20	START	1534448362340	1534448362340
USER	Create a message	21	START	1534448362347	1534448362347
USER	Create a message	22	START	1534448362349	1534448362349
USER	Create a message	23	START	1534448362351	1534448362351
USER	Create a message	24	START	1534448362354	1534448362354
USER	Create a message	25	START	1534448362357	1534448362357
USER	Create a message	26	START	1534448362389	1534448362389
USER	Create a message	27	START	1534448362408	1534448362408
USER	Create a message	28	START	1534448362409	1534448362409
USER	Create a message	29	START	1534448362409	1534448362409
USER	Create a message	30	START	1534448362412	1534448362412
USER	Create a message	31	START	1534448362420	1534448362420
USER	Create a message	32	START	1534448362425	1534448362425
USER	Create a message	33	START	1534448362426	1534448362426
USER	Create a message	34	START	1534448362438	1534448362438
USER	Create a message	35	START	1534448362442	1534448362442
USER	Create a message	36	START	1534448362449	1534448362449
USER	Create a message	37	START	1534448362457	1534448362457
USER	Create a message	38	START	1534448362469	1534448362469
USER	Create a message	39	START	1534448362487	1534448362487
USER	Create a message	40	START	1534448362507	1534448362507
USER	Create a message	41	START	1534448362510	1534448362510
USER	Create a message	42	START	1534448362515	1534448362515
USER	Create a message	43	START	1534448362517	1534448362517
USER	Create a message	44	START	1534448362525	1534448362525
USER	Create a message	45	START	1534448362526	1534448362526
USER	Create a message	46	START	1534448362537	1534448362537
USER	Create a message	47	START	1534448362546	1534448362546
USER	Create a message	48	START	1534448362572	1534448362572
USER	Create a message	49	START	1534448362575	1534448362575
USER	Create a message	50	START	1534448362578	1534448362578
REQUEST	Create a message	35		createMessage	1534448362444	1534448362868	KO	status.find.in(200,304,201,202,203,204,205,206,207,208,209), but actually found 400
REQUEST	Create a message	4		createMessage	1534448362130	1534448362867	KO	status.find.in(200,304,201,202,203,204,205,206,207,208,209), but actually found 400
REQUEST	Create a message	30		createMessage	1534448362412	1534448362916	KO	status.find.in(200,304,201,202,203,204,205,206,207,208,209), but actually found 400
REQUEST	Create a message	39		createMessage	1534448362488	1534448362871	KO	status.find.in(200,304,201,202,203,204,205,206,207,208,209), but actually found 400
REQUEST	Create a message	9		createMessage	1534448362168	1534448362859	KO	status.find.in(200,304,201,202,203,204,205,206,207,208,209), but actually found 400
REQUEST	Create a message	42		createMessage	1534448362515	1534448362859	KO	status.find.in(200,304,201,202,203,204,205,206,207,208,209), but actually found 400
REQUEST	Create a message	40		createMessage	1534448362508	1534448362868	KO	status.find.in(200,304,201,202,203,204,205,206,207,208,209), but actually found 400
REQUEST	Create a message	37		createMessage	1534448362457	1534448362859	KO	status.find.in(200,304,201,202,203,204,205,206,207,208,209), but actually found 400
USER	Create a message	4	END	1534448362130	1534448362982
USER	Create a message	39	END	1534448362487	1534448362982
USER	Create a message	30	END	1534448362412	1534448362983
REQUEST	Create a message	38		createMessage	1534448362470	1534448362983	KO	status.find.in(200,304,201,202,203,204,205,206,207,208,209), but actually found 400
USER	Create a message	38	END	1534448362469	1534448362985
REQUEST	Create a message	44		createMessage	1534448362525	1534448362985	KO	status.find.in(200,304,201,202,203,204,205,206,207,208,209), but actually found 400
USER	Create a message	44	END	1534448362525	1534448362986
REQUEST	Create a message	46		createMessage	1534448362545	1534448362985	KO	status.find.in(200,304,201,202,203,204,205,206,207,208,209), but actually found 400
USER	Create a message	46	END	1534448362537	1534448362986
REQUEST	Create a message	7		createMessage	1534448362139	1534448362986	KO	status.find.in(200,304,201,202,203,204,205,206,207,208,209), but actually found 400
USER	Create a message	7	END	1534448362137	1534448362987
REQUEST	Create a message	36		createMessage	1534448362450	1534448362986	KO	status.find.in(200,304,201,202,203,204,205,206,207,208,209), but actually found 400
USER	Create a message	36	END	1534448362449	1534448362987
REQUEST	Create a message	6		createMessage	1534448362134	1534448362987	KO	status.find.in(200,304,201,202,203,204,205,206,207,208,209), but actually found 400
USER	Create a message	6	END	1534448362134	1534448362988
REQUEST	Create a message	23		createMessage	1534448362352	1534448362987	KO	status.find.in(200,304,201,202,203,204,205,206,207,208,209), but actually found 400
USER	Create a message	23	END	1534448362351	1534448362989
REQUEST	Create a message	15		createMessage	1534448362292	1534448362989	KO	status.find.in(200,304,201,202,203,204,205,206,207,208,209), but actually found 400
USER	Create a message	15	END	1534448362290	1534448362992
REQUEST	Create a message	22		createMessage	1534448362350	1534448362989	KO	status.find.in(200,304,201,202,203,204,205,206,207,208,209), but actually found 400
USER	Create a message	22	END	1534448362349	1534448362993
REQUEST	Create a message	28		createMessage	1534448362409	1534448362988	KO	status.find.in(200,304,201,202,203,204,205,206,207,208,209), but actually found 400
USER	Create a message	28	END	1534448362409	1534448362995
REQUEST	Create a message	20		createMessage	1534448362342	1534448362995	KO	status.find.in(200,304,201,202,203,204,205,206,207,208,209), but actually found 400
REQUEST	Create a message	14		createMessage	1534448362283	1534448362993	KO	status.find.in(200,304,201,202,203,204,205,206,207,208,209), but actually found 400
USER	Create a message	20	END	1534448362340	1534448362996
USER	Create a message	14	END	1534448362283	1534448362996
REQUEST	Create a message	12		createMessage	1534448362276	1534448362996	KO	status.find.in(200,304,201,202,203,204,205,206,207,208,209), but actually found 400
USER	Create a message	12	END	1534448362275	1534448362998
REQUEST	Create a message	31		createMessage	1534448362420	1534448362994	KO	status.find.in(200,304,201,202,203,204,205,206,207,208,209), but actually found 400
USER	Create a message	42	END	1534448362515	1534448362999
USER	Create a message	31	END	1534448362420	1534448363000
REQUEST	Create a message	47		createMessage	1534448362546	1534448363000	KO	status.find.in(200,304,201,202,203,204,205,206,207,208,209), but actually found 400
USER	Create a message	47	END	1534448362546	1534448363002
USER	Create a message	40	END	1534448362507	1534448363002
USER	Create a message	35	END	1534448362442	1534448363002
USER	Create a message	9	END	1534448362164	1534448363003
REQUEST	Create a message	8		createMessage	1534448362161	1534448363003	KO	status.find.in(200,304,201,202,203,204,205,206,207,208,209), but actually found 400
USER	Create a message	8	END	1534448362160	1534448363004
REQUEST	Create a message	11		createMessage	1534448362273	1534448363003	KO	status.find.in(200,304,201,202,203,204,205,206,207,208,209), but actually found 400
REQUEST	Create a message	49		createMessage	1534448362576	1534448363003	KO	status.find.in(200,304,201,202,203,204,205,206,207,208,209), but actually found 400
USER	Create a message	49	END	1534448362575	1534448363005
REQUEST	Create a message	16		createMessage	1534448362312	1534448363004	KO	status.find.in(200,304,201,202,203,204,205,206,207,208,209), but actually found 400
USER	Create a message	16	END	1534448362308	1534448363005
REQUEST	Create a message	17		createMessage	1534448362315	1534448363005	KO	status.find.in(200,304,201,202,203,204,205,206,207,208,209), but actually found 400
USER	Create a message	17	END	1534448362313	1534448363006
REQUEST	Create a message	32		createMessage	1534448362425	1534448363005	KO	status.find.in(200,304,201,202,203,204,205,206,207,208,209), but actually found 400
USER	Create a message	32	END	1534448362425	1534448363006
USER	Create a message	11	END	1534448362272	1534448363007
USER	Create a message	37	END	1534448362457	1534448362983
REQUEST	Create a message	1		createMessage	1534448362116	1534448363006	KO	status.find.in(200,304,201,202,203,204,205,206,207,208,209), but actually found 400
USER	Create a message	1	END	1534448362065	1534448363040
REQUEST	Create a message	48		createMessage	1534448362572	1534448363006	KO	status.find.in(200,304,201,202,203,204,205,206,207,208,209), but actually found 400
USER	Create a message	48	END	1534448362572	1534448363041
REQUEST	Create a message	18		createMessage	1534448362329	1534448363002	KO	status.find.in(200,304,201,202,203,204,205,206,207,208,209), but actually found 400
USER	Create a message	18	END	1534448362329	1534448363042
REQUEST	Create a message	43		createMessage	1534448362517	1534448363007	KO	status.find.in(200,304,201,202,203,204,205,206,207,208,209), but actually found 400
REQUEST	Create a message	24		createMessage	1534448362355	1534448363041	KO	status.find.in(200,304,201,202,203,204,205,206,207,208,209), but actually found 400
USER	Create a message	24	END	1534448362354	1534448363043
USER	Create a message	43	END	1534448362517	1534448363043
REQUEST	Create a message	45		createMessage	1534448362532	1534448363013	KO	status.find.in(200,304,201,202,203,204,205,206,207,208,209), but actually found 400
USER	Create a message	45	END	1534448362526	1534448363043
REQUEST	Create a message	2		createMessage	1534448362125	1534448363042	KO	status.find.in(200,304,201,202,203,204,205,206,207,208,209), but actually found 400
USER	Create a message	2	END	1534448362125	1534448363044
REQUEST	Create a message	19		createMessage	1534448362332	1534448363043	KO	status.find.in(200,304,201,202,203,204,205,206,207,208,209), but actually found 400
USER	Create a message	19	END	1534448362331	1534448363044
REQUEST	Create a message	26		createMessage	1534448362389	1534448363044	KO	status.find.in(200,304,201,202,203,204,205,206,207,208,209), but actually found 400
USER	Create a message	26	END	1534448362389	1534448363046
REQUEST	Create a message	3		createMessage	1534448362127	1534448363045	KO	status.find.in(200,304,201,202,203,204,205,206,207,208,209), but actually found 400
USER	Create a message	3	END	1534448362127	1534448363046
REQUEST	Create a message	5		createMessage	1534448362132	1534448363045	KO	status.find.in(200,304,201,202,203,204,205,206,207,208,209), but actually found 400
USER	Create a message	5	END	1534448362132	1534448363047
REQUEST	Create a message	27		createMessage	1534448362408	1534448363047	KO	status.find.in(200,304,201,202,203,204,205,206,207,208,209), but actually found 400
USER	Create a message	27	END	1534448362408	1534448363048
REQUEST	Create a message	34		createMessage	1534448362439	1534448363047	KO	status.find.in(200,304,201,202,203,204,205,206,207,208,209), but actually found 400
USER	Create a message	34	END	1534448362438	1534448363048
REQUEST	Create a message	29		createMessage	1534448362410	1534448363048	KO	status.find.in(200,304,201,202,203,204,205,206,207,208,209), but actually found 400
REQUEST	Create a message	10		createMessage	1534448362270	1534448363048	KO	status.find.in(200,304,201,202,203,204,205,206,207,208,209), but actually found 400
USER	Create a message	10	END	1534448362270	1534448363049
USER	Create a message	29	END	1534448362409	1534448363050
REQUEST	Create a message	50		createMessage	1534448362579	1534448363050	KO	status.find.in(200,304,201,202,203,204,205,206,207,208,209), but actually found 400
USER	Create a message	50	END	1534448362578	1534448363052
REQUEST	Create a message	13		createMessage	1534448362278	1534448363052	KO	status.find.in(200,304,201,202,203,204,205,206,207,208,209), but actually found 400
USER	Create a message	13	END	1534448362277	1534448363053
REQUEST	Create a message	25		createMessage	1534448362358	1534448363049	KO	status.find.in(200,304,201,202,203,204,205,206,207,208,209), but actually found 400
USER	Create a message	25	END	1534448362357	1534448363054
REQUEST	Create a message	21		createMessage	1534448362347	1534448363054	KO	status.find.in(200,304,201,202,203,204,205,206,207,208,209), but actually found 400
USER	Create a message	21	END	1534448362347	1534448363055
REQUEST	Create a message	41		createMessage	1534448362513	1534448363055	KO	status.find.in(200,304,201,202,203,204,205,206,207,208,209), but actually found 400
USER	Create a message	41	END	1534448362510	1534448363059
REQUEST	Create a message	33		createMessage	1534448362426	1534448363061	KO	status.find.in(200,304,201,202,203,204,205,206,207,208,209), but actually found 400
USER	Create a message	33	END	1534448362426	1534448363063
