RUN	messageservice.BasicSimulation		basicsimulation	1534449445038	 	2.0
USER	Create a message	1	START	1534449446969	1534449446969
USER	Create a message	2	START	1534449447060	1534449447060
USER	Create a message	3	START	1534449447071	1534449447071
USER	Create a message	4	START	1534449447094	1534449447094
USER	Create a message	5	START	1534449447136	1534449447136
REQUEST	Create a message	3		main createMessage	1534449447072	1534449447123	OK	 
REQUEST	Create a message	1		main createMessage	1534449447048	1534449447090	OK	 
REQUEST	Create a message	4		main createMessage	1534449447096	1534449447148	OK	 
REQUEST	Create a message	2		main createMessage	1534449447062	1534449447091	OK	 
USER	Create a message	6	START	1534449447158	1534449447158
REQUEST	Create a message	5		main createMessage	1534449447137	1534449447217	OK	 
USER	Create a message	7	START	1534449447198	1534449447198
REQUEST	Create a message	6		main createMessage	1534449447183	1534449447230	OK	 
USER	Create a message	8	START	1534449447230	1534449447230
USER	Create a message	9	START	1534449447247	1534449447247
USER	Create a message	10	START	1534449447251	1534449447251
REQUEST	Create a message	8		main createMessage	1534449447235	1534449447279	OK	 
REQUEST	Create a message	7		main createMessage	1534449447217	1534449447280	OK	 
REQUEST	Create a message	9		main createMessage	1534449447250	1534449447280	OK	 
USER	Create a message	11	START	1534449447254	1534449447254
USER	Create a message	12	START	1534449447285	1534449447285
USER	Create a message	13	START	1534449447286	1534449447286
REQUEST	Create a message	10		main createMessage	1534449447251	1534449447301	OK	 
REQUEST	Create a message	12		main createMessage	1534449447285	1534449447359	OK	 
REQUEST	Create a message	11		main createMessage	1534449447284	1534449447317	OK	 
REQUEST	Create a message	13		main createMessage	1534449447301	1534449447361	OK	 
USER	Create a message	14	START	1534449447321	1534449447321
USER	Create a message	15	START	1534449447364	1534449447364
REQUEST	Create a message	14		main createMessage	1534449447361	1534449447412	OK	 
REQUEST	Create a message	15		main createMessage	1534449447366	1534449447412	OK	 
USER	Create a message	16	START	1534449447369	1534449447369
USER	Create a message	17	START	1534449447415	1534449447415
REQUEST	Create a message	17		main createMessage	1534449447416	1534449447445	OK	 
REQUEST	Create a message	16		main createMessage	1534449447412	1534449447454	OK	 
USER	Create a message	18	START	1534449447418	1534449447418
REQUEST	Create a message	18		main createMessage	1534449447419	1534449447473	OK	 
USER	Create a message	19	START	1534449447459	1534449447459
USER	Create a message	20	START	1534449447475	1534449447475
USER	Create a message	21	START	1534449447493	1534449447493
REQUEST	Create a message	19		main createMessage	1534449447460	1534449447497	OK	 
USER	Create a message	22	START	1534449447499	1534449447499
USER	Create a message	23	START	1534449447504	1534449447504
USER	Create a message	24	START	1534449447505	1534449447505
USER	Create a message	25	START	1534449447513	1534449447513
USER	Create a message	26	START	1534449447514	1534449447514
REQUEST	Create a message	20		main createMessage	1534449447477	1534449447569	OK	 
REQUEST	Create a message	21		main createMessage	1534449447496	1534449447571	OK	 
USER	Create a message	27	START	1534449447516	1534449447516
REQUEST	Create a message	23		main createMessage	1534449447504	1534449447611	OK	 
REQUEST	Create a message	22		main createMessage	1534449447503	1534449447611	OK	 
USER	Create a message	28	START	1534449447573	1534449447573
REQUEST	Create a message	26		main createMessage	1534449447515	1534449447648	OK	 
USER	Create a message	29	START	1534449447643	1534449447643
REQUEST	Create a message	24		main createMessage	1534449447511	1534449447650	OK	 
USER	Create a message	30	START	1534449447650	1534449447650
REQUEST	Create a message	25		main createMessage	1534449447513	1534449447654	OK	 
REQUEST	Create a message	27		main createMessage	1534449447571	1534449447665	OK	 
REQUEST	Create a message	28		main createMessage	1534449447614	1534449447664	OK	 
USER	Create a message	31	START	1534449447653	1534449447653
REQUEST	Create a message	30		main createMessage	1534449447650	1534449447672	OK	 
REQUEST	Create a message	29		main createMessage	1534449447644	1534449447672	OK	 
USER	Create a message	32	START	1534449447666	1534449447666
REQUEST	Create a message	31		main createMessage	1534449447654	1534449447688	OK	 
REQUEST	Create a message	32		main createMessage	1534449447666	1534449447689	OK	 
USER	Create a message	33	START	1534449447678	1534449447678
USER	Create a message	34	START	1534449447690	1534449447690
REQUEST	Create a message	34		main createMessage	1534449447691	1534449447714	OK	 
REQUEST	Create a message	33		main createMessage	1534449447683	1534449447720	OK	 
USER	Create a message	35	START	1534449447698	1534449447698
USER	Create a message	36	START	1534449447721	1534449447721
USER	Create a message	37	START	1534449447727	1534449447727
USER	Create a message	38	START	1534449447740	1534449447740
REQUEST	Create a message	36		main createMessage	1534449447722	1534449447746	OK	 
REQUEST	Create a message	35		main createMessage	1534449447698	1534449447745	OK	 
USER	Create a message	39	START	1534449447748	1534449447748
USER	Create a message	40	START	1534449447749	1534449447749
USER	Create a message	41	START	1534449447752	1534449447752
USER	Create a message	42	START	1534449447754	1534449447754
REQUEST	Create a message	37		main createMessage	1534449447729	1534449447760	OK	 
REQUEST	Create a message	38		main createMessage	1534449447741	1534449447760	OK	 
USER	Create a message	43	START	1534449447755	1534449447755
REQUEST	Create a message	42		main createMessage	1534449447754	1534449447781	OK	 
USER	Create a message	44	START	1534449447765	1534449447765
REQUEST	Create a message	43		main createMessage	1534449447756	1534449447797	OK	 
REQUEST	Create a message	40		main createMessage	1534449447750	1534449447796	OK	 
USER	Create a message	45	START	1534449447783	1534449447783
REQUEST	Create a message	39		main createMessage	1534449447748	1534449447795	OK	 
REQUEST	Create a message	41		main createMessage	1534449447753	1534449447799	OK	 
REQUEST	Create a message	44		main createMessage	1534449447766	1534449447801	OK	 
USER	Create a message	46	START	1534449447799	1534449447799
USER	Create a message	47	START	1534449447802	1534449447802
USER	Create a message	48	START	1534449447805	1534449447805
USER	Create a message	49	START	1534449447808	1534449447808
USER	Create a message	50	START	1534449447809	1534449447809
REQUEST	Create a message	45		main createMessage	1534449447798	1534449447861	OK	 
REQUEST	Create a message	49		main createMessage	1534449447808	1534449447862	OK	 
REQUEST	Create a message	48		main createMessage	1534449447806	1534449447862	OK	 
REQUEST	Create a message	46		main createMessage	1534449447801	1534449447863	OK	 
REQUEST	Create a message	50		main createMessage	1534449447810	1534449447864	OK	 
REQUEST	Create a message	47		main createMessage	1534449447803	1534449447863	OK	 
REQUEST	Create a message	2		main getMessage	1534449448115	1534449448125	OK	 
REQUEST	Create a message	1		main getMessage	1534449448110	1534449448125	OK	 
USER	Create a message	1	END	1534449446969	1534449448137
USER	Create a message	2	END	1534449447060	1534449448137
REQUEST	Create a message	3		main getMessage	1534449448158	1534449448172	OK	 
USER	Create a message	3	END	1534449447071	1534449448173
REQUEST	Create a message	4		main getMessage	1534449448168	1534449448176	OK	 
USER	Create a message	4	END	1534449447094	1534449448179
REQUEST	Create a message	5		main getMessage	1534449448237	1534449448241	OK	 
USER	Create a message	5	END	1534449447136	1534449448244
REQUEST	Create a message	6		main getMessage	1534449448257	1534449448263	OK	 
USER	Create a message	6	END	1534449447158	1534449448266
REQUEST	Create a message	8		main getMessage	1534449448299	1534449448305	OK	 
REQUEST	Create a message	7		main getMessage	1534449448299	1534449448305	OK	 
USER	Create a message	7	END	1534449447198	1534449448307
REQUEST	Create a message	9		main getMessage	1534449448299	1534449448306	OK	 
USER	Create a message	8	END	1534449447230	1534449448307
USER	Create a message	9	END	1534449447247	1534449448307
REQUEST	Create a message	10		main getMessage	1534449448317	1534449448325	OK	 
USER	Create a message	10	END	1534449447251	1534449448327
REQUEST	Create a message	11		main getMessage	1534449448337	1534449448341	OK	 
USER	Create a message	11	END	1534449447254	1534449448345
REQUEST	Create a message	13		main getMessage	1534449448381	1534449448388	OK	 
REQUEST	Create a message	12		main getMessage	1534449448381	1534449448389	OK	 
USER	Create a message	12	END	1534449447285	1534449448390
USER	Create a message	13	END	1534449447286	1534449448390
REQUEST	Create a message	14		main getMessage	1534449448426	1534449448439	OK	 
USER	Create a message	14	END	1534449447321	1534449448441
REQUEST	Create a message	15		main getMessage	1534449448438	1534449448443	OK	 
USER	Create a message	15	END	1534449447364	1534449448444
REQUEST	Create a message	17		main getMessage	1534449448469	1534449448475	OK	 
USER	Create a message	17	END	1534449447415	1534449448476
REQUEST	Create a message	16		main getMessage	1534449448476	1534449448489	OK	 
USER	Create a message	16	END	1534449447369	1534449448490
REQUEST	Create a message	18		main getMessage	1534449448489	1534449448498	OK	 
USER	Create a message	18	END	1534449447418	1534449448501
REQUEST	Create a message	19		main getMessage	1534449448516	1534449448520	OK	 
USER	Create a message	19	END	1534449447459	1534449448521
REQUEST	Create a message	20		main getMessage	1534449448588	1534449448592	OK	 
USER	Create a message	20	END	1534449447475	1534449448594
REQUEST	Create a message	23		main getMessage	1534449448627	1534449448637	OK	 
REQUEST	Create a message	21		main getMessage	1534449448627	1534449448637	OK	 
USER	Create a message	23	END	1534449447504	1534449448638
USER	Create a message	21	END	1534449447493	1534449448640
REQUEST	Create a message	22		main getMessage	1534449448639	1534449448645	OK	 
USER	Create a message	22	END	1534449447499	1534449448646
REQUEST	Create a message	24		main getMessage	1534449448667	1534449448674	OK	 
USER	Create a message	24	END	1534449447505	1534449448691
REQUEST	Create a message	25		main getMessage	1534449448667	1534449448691	OK	 
USER	Create a message	25	END	1534449447513	1534449448707
REQUEST	Create a message	26		main getMessage	1534449448668	1534449448705	OK	 
USER	Create a message	26	END	1534449447514	1534449448709
REQUEST	Create a message	27		main getMessage	1534449448692	1534449448718	OK	 
REQUEST	Create a message	28		main getMessage	1534449448694	1534449448718	OK	 
USER	Create a message	27	END	1534449447516	1534449448719
REQUEST	Create a message	30		main getMessage	1534449448699	1534449448720	OK	 
REQUEST	Create a message	29		main getMessage	1534449448701	1534449448721	OK	 
USER	Create a message	28	END	1534449447573	1534449448722
USER	Create a message	30	END	1534449447650	1534449448722
USER	Create a message	29	END	1534449447643	1534449448723
REQUEST	Create a message	31		main getMessage	1534449448711	1534449448723	OK	 
USER	Create a message	31	END	1534449447653	1534449448725
REQUEST	Create a message	32		main getMessage	1534449448709	1534449448725	OK	 
USER	Create a message	32	END	1534449447666	1534449448726
REQUEST	Create a message	34		main getMessage	1534449448736	1534449448740	OK	 
USER	Create a message	34	END	1534449447690	1534449448741
REQUEST	Create a message	33		main getMessage	1534449448736	1534449448743	OK	 
USER	Create a message	33	END	1534449447678	1534449448758
REQUEST	Create a message	36		main getMessage	1534449448768	1534449448772	OK	 
USER	Create a message	36	END	1534449447721	1534449448774
REQUEST	Create a message	35		main getMessage	1534449448768	1534449448776	OK	 
USER	Create a message	35	END	1534449447698	1534449448778
REQUEST	Create a message	37		main getMessage	1534449448776	1534449448780	OK	 
REQUEST	Create a message	38		main getMessage	1534449448776	1534449448781	OK	 
USER	Create a message	38	END	1534449447740	1534449448782
USER	Create a message	37	END	1534449447727	1534449448782
REQUEST	Create a message	42		main getMessage	1534449448797	1534449448800	OK	 
USER	Create a message	42	END	1534449447754	1534449448803
REQUEST	Create a message	44		main getMessage	1534449448818	1534449448822	OK	 
REQUEST	Create a message	41		main getMessage	1534449448817	1534449448822	OK	 
USER	Create a message	41	END	1534449447752	1534449448824
USER	Create a message	44	END	1534449447765	1534449448824
REQUEST	Create a message	40		main getMessage	1534449448817	1534449448822	OK	 
REQUEST	Create a message	43		main getMessage	1534449448817	1534449448824	OK	 
USER	Create a message	43	END	1534449447755	1534449448825
USER	Create a message	40	END	1534449447749	1534449448826
REQUEST	Create a message	39		main getMessage	1534449448817	1534449448830	OK	 
USER	Create a message	39	END	1534449447748	1534449448834
REQUEST	Create a message	48		main getMessage	1534449448876	1534449448880	OK	 
USER	Create a message	48	END	1534449447805	1534449448882
REQUEST	Create a message	47		main getMessage	1534449448876	1534449448886	OK	 
REQUEST	Create a message	49		main getMessage	1534449448876	1534449448887	OK	 
USER	Create a message	47	END	1534449447802	1534449448888
USER	Create a message	49	END	1534449447808	1534449448888
REQUEST	Create a message	45		main getMessage	1534449448877	1534449448886	OK	 
USER	Create a message	45	END	1534449447783	1534449448889
REQUEST	Create a message	50		main getMessage	1534449448879	1534449448890	OK	 
REQUEST	Create a message	46		main getMessage	1534449448877	1534449448890	OK	 
USER	Create a message	50	END	1534449447809	1534449448891
USER	Create a message	46	END	1534449447799	1534449448904
