RUN	messageservice.BasicSimulation		basicsimulation	1534448982392	 	2.0
USER	Create a message	1	START	1534448984422	1534448984422
USER	Create a message	2	START	1534448984514	1534448984514
USER	Create a message	3	START	1534448984524	1534448984524
USER	Create a message	4	START	1534448984539	1534448984539
USER	Create a message	5	START	1534448984611	1534448984611
USER	Create a message	6	START	1534448984670	1534448984670
REQUEST	Create a message	5		createMessage	1534448984639	1534448984665	OK	 
REQUEST	Create a message	4		createMessage	1534448984546	1534448984631	OK	 
REQUEST	Create a message	1		createMessage	1534448984495	1534448984609	OK	 
REQUEST	Create a message	2		createMessage	1534448984516	1534448984609	OK	 
REQUEST	Create a message	3		createMessage	1534448984524	1534448984609	OK	 
USER	Create a message	7	START	1534448984715	1534448984715
REQUEST	Create a message	6		createMessage	1534448984681	1534448984740	OK	 
USER	Create a message	8	START	1534448984743	1534448984743
USER	Create a message	9	START	1534448984746	1534448984746
USER	Create a message	10	START	1534448984760	1534448984760
REQUEST	Create a message	7		createMessage	1534448984716	1534448984798	OK	 
REQUEST	Create a message	8		createMessage	1534448984744	1534448984798	OK	 
REQUEST	Create a message	9		createMessage	1534448984747	1534448984798	OK	 
USER	Create a message	11	START	1534448984762	1534448984762
REQUEST	Create a message	10		createMessage	1534448984761	1534448984819	OK	 
REQUEST	Create a message	11		createMessage	1534448984801	1534448984833	OK	 
USER	Create a message	12	START	1534448984807	1534448984807
REQUEST	Create a message	12		createMessage	1534448984841	1534448984887	OK	 
USER	Create a message	13	START	1534448984862	1534448984862
USER	Create a message	14	START	1534448984889	1534448984889
REQUEST	Create a message	14		createMessage	1534448984890	1534448984921	OK	 
REQUEST	Create a message	13		createMessage	1534448984869	1534448984927	OK	 
REQUEST	Create a message	15		createMessage	1534448984905	1534448984933	OK	 
USER	Create a message	15	START	1534448984904	1534448984904
USER	Create a message	16	START	1534448984936	1534448984936
USER	Create a message	17	START	1534448984939	1534448984939
REQUEST	Create a message	17		createMessage	1534448984941	1534448984967	OK	 
REQUEST	Create a message	16		createMessage	1534448984937	1534448984967	OK	 
USER	Create a message	18	START	1534448984948	1534448984948
USER	Create a message	19	START	1534448984971	1534448984971
REQUEST	Create a message	18		createMessage	1534448984949	1534448984972	OK	 
USER	Create a message	20	START	1534448984973	1534448984973
REQUEST	Create a message	19		createMessage	1534448984972	1534448985008	OK	 
USER	Create a message	21	START	1534448985008	1534448985008
USER	Create a message	22	START	1534448985012	1534448985012
REQUEST	Create a message	21		createMessage	1534448985008	1534448985033	OK	 
USER	Create a message	23	START	1534448985028	1534448985028
REQUEST	Create a message	22		createMessage	1534448985017	1534448985072	OK	 
REQUEST	Create a message	23		createMessage	1534448985029	1534448985072	OK	 
REQUEST	Create a message	20		createMessage	1534448984974	1534448985072	OK	 
USER	Create a message	24	START	1534448985035	1534448985035
REQUEST	Create a message	24		createMessage	1534448985036	1534448985073	OK	 
USER	Create a message	25	START	1534448985074	1534448985074
USER	Create a message	26	START	1534448985083	1534448985083
USER	Create a message	27	START	1534448985089	1534448985089
USER	Create a message	28	START	1534448985112	1534448985112
REQUEST	Create a message	25		createMessage	1534448985074	1534448985167	OK	 
REQUEST	Create a message	27		createMessage	1534448985109	1534448985168	OK	 
REQUEST	Create a message	26		createMessage	1534448985085	1534448985170	OK	 
USER	Create a message	29	START	1534448985122	1534448985122
REQUEST	Create a message	28		createMessage	1534448985115	1534448985173	OK	 
USER	Create a message	30	START	1534448985174	1534448985174
USER	Create a message	31	START	1534448985177	1534448985177
USER	Create a message	32	START	1534448985186	1534448985186
USER	Create a message	33	START	1534448985190	1534448985190
USER	Create a message	34	START	1534448985194	1534448985194
USER	Create a message	35	START	1534448985195	1534448985195
USER	Create a message	36	START	1534448985197	1534448985197
USER	Create a message	37	START	1534448985198	1534448985198
USER	Create a message	38	START	1534448985200	1534448985200
USER	Create a message	39	START	1534448985202	1534448985202
USER	Create a message	40	START	1534448985208	1534448985208
USER	Create a message	41	START	1534448985210	1534448985210
REQUEST	Create a message	29		createMessage	1534448985168	1534448985275	OK	 
REQUEST	Create a message	39		createMessage	1534448985205	1534448985293	OK	 
REQUEST	Create a message	35		createMessage	1534448985196	1534448985340	OK	 
REQUEST	Create a message	32		createMessage	1534448985188	1534448985341	OK	 
REQUEST	Create a message	31		createMessage	1534448985178	1534448985342	OK	 
REQUEST	Create a message	33		createMessage	1534448985192	1534448985284	OK	 
REQUEST	Create a message	30		createMessage	1534448985175	1534448985284	OK	 
REQUEST	Create a message	40		createMessage	1534448985209	1534448985343	OK	 
REQUEST	Create a message	34		createMessage	1534448985194	1534448985293	OK	 
REQUEST	Create a message	36		createMessage	1534448985197	1534448985348	OK	 
USER	Create a message	42	START	1534448985276	1534448985276
REQUEST	Create a message	37		createMessage	1534448985199	1534448985346	OK	 
REQUEST	Create a message	38		createMessage	1534448985201	1534448985409	OK	 
USER	Create a message	43	START	1534448985363	1534448985363
USER	Create a message	44	START	1534448985413	1534448985413
REQUEST	Create a message	42		createMessage	1534448985341	1534448985420	OK	 
USER	Create a message	45	START	1534448985422	1534448985422
USER	Create a message	46	START	1534448985433	1534448985433
REQUEST	Create a message	43		createMessage	1534448985364	1534448985483	OK	 
REQUEST	Create a message	45		createMessage	1534448985427	1534448985484	OK	 
REQUEST	Create a message	41		createMessage	1534448985275	1534448985484	OK	 
REQUEST	Create a message	46		createMessage	1534448985434	1534448985485	OK	 
USER	Create a message	47	START	1534448985443	1534448985443
REQUEST	Create a message	44		createMessage	1534448985413	1534448985484	OK	 
USER	Create a message	48	START	1534448985487	1534448985487
USER	Create a message	49	START	1534448985488	1534448985488
USER	Create a message	50	START	1534448985490	1534448985490
REQUEST	Create a message	48		createMessage	1534448985487	1534448985511	OK	 
REQUEST	Create a message	47		createMessage	1534448985483	1534448985519	OK	 
REQUEST	Create a message	50		createMessage	1534448985490	1534448985533	OK	 
REQUEST	Create a message	49		createMessage	1534448985488	1534448985533	OK	 
GROUP	Failed to build request getMessage: No attribute named 'main' is defined 	1534448985647
GROUP	Failed to build request getMessage: No attribute named 'main' is defined 	1534448985647
GROUP	Failed to build request getMessage: No attribute named 'main' is defined 	1534448985649
USER	Create a message	1	END	1534448984422	1534448985651
USER	Create a message	3	END	1534448984524	1534448985653
USER	Create a message	2	END	1534448984514	1534448985655
GROUP	Failed to build request getMessage: No attribute named 'main' is defined 	1534448985657
USER	Create a message	4	END	1534448984539	1534448985658
GROUP	Failed to build request getMessage: No attribute named 'main' is defined 	1534448985687
USER	Create a message	5	END	1534448984611	1534448985693
GROUP	Failed to build request getMessage: No attribute named 'main' is defined 	1534448985757
USER	Create a message	6	END	1534448984670	1534448985759
GROUP	Failed to build request getMessage: No attribute named 'main' is defined 	1534448985818
GROUP	Failed to build request getMessage: No attribute named 'main' is defined 	1534448985818
GROUP	Failed to build request getMessage: No attribute named 'main' is defined 	1534448985818
USER	Create a message	9	END	1534448984746	1534448985821
USER	Create a message	7	END	1534448984715	1534448985821
USER	Create a message	8	END	1534448984743	1534448985827
GROUP	Failed to build request getMessage: No attribute named 'main' is defined 	1534448985848
GROUP	Failed to build request getMessage: No attribute named 'main' is defined 	1534448985848
USER	Create a message	11	END	1534448984762	1534448985850
USER	Create a message	10	END	1534448984760	1534448985850
GROUP	Failed to build request getMessage: No attribute named 'main' is defined 	1534448985906
USER	Create a message	12	END	1534448984807	1534448985907
GROUP	Failed to build request getMessage: No attribute named 'main' is defined 	1534448985938
USER	Create a message	14	END	1534448984889	1534448985939
GROUP	Failed to build request getMessage: No attribute named 'main' is defined 	1534448985947
GROUP	Failed to build request getMessage: No attribute named 'main' is defined 	1534448985947
USER	Create a message	13	END	1534448984862	1534448985947
USER	Create a message	15	END	1534448984904	1534448985948
GROUP	Failed to build request getMessage: No attribute named 'main' is defined 	1534448985987
GROUP	Failed to build request getMessage: No attribute named 'main' is defined 	1534448985987
GROUP	Failed to build request getMessage: No attribute named 'main' is defined 	1534448985987
USER	Create a message	16	END	1534448984936	1534448985988
USER	Create a message	17	END	1534448984939	1534448985989
USER	Create a message	18	END	1534448984948	1534448985990
GROUP	Failed to build request getMessage: No attribute named 'main' is defined 	1534448986026
USER	Create a message	19	END	1534448984971	1534448986027
GROUP	Failed to build request getMessage: No attribute named 'main' is defined 	1534448986046
USER	Create a message	21	END	1534448985008	1534448986049
GROUP	Failed to build request getMessage: No attribute named 'main' is defined 	1534448986088
GROUP	Failed to build request getMessage: No attribute named 'main' is defined 	1534448986088
GROUP	Failed to build request getMessage: No attribute named 'main' is defined 	1534448986088
GROUP	Failed to build request getMessage: No attribute named 'main' is defined 	1534448986088
USER	Create a message	23	END	1534448985028	1534448986089
USER	Create a message	22	END	1534448985012	1534448986089
USER	Create a message	24	END	1534448985035	1534448986090
USER	Create a message	20	END	1534448984973	1534448986090
GROUP	Failed to build request getMessage: No attribute named 'main' is defined 	1534448986188
GROUP	Failed to build request getMessage: No attribute named 'main' is defined 	1534448986190
GROUP	Failed to build request getMessage: No attribute named 'main' is defined 	1534448986190
GROUP	Failed to build request getMessage: No attribute named 'main' is defined 	1534448986190
USER	Create a message	27	END	1534448985089	1534448986190
USER	Create a message	28	END	1534448985112	1534448986192
USER	Create a message	26	END	1534448985083	1534448986193
USER	Create a message	25	END	1534448985074	1534448986202
GROUP	Failed to build request getMessage: No attribute named 'main' is defined 	1534448986316
GROUP	Failed to build request getMessage: No attribute named 'main' is defined 	1534448986316
GROUP	Failed to build request getMessage: No attribute named 'main' is defined 	1534448986317
GROUP	Failed to build request getMessage: No attribute named 'main' is defined 	1534448986316
USER	Create a message	39	END	1534448985202	1534448986318
USER	Create a message	33	END	1534448985190	1534448986319
USER	Create a message	34	END	1534448985194	1534448986319
USER	Create a message	30	END	1534448985174	1534448986319
GROUP	Failed to build request getMessage: No attribute named 'main' is defined 	1534448986347
USER	Create a message	29	END	1534448985122	1534448986347
GROUP	Failed to build request getMessage: No attribute named 'main' is defined 	1534448986357
GROUP	Failed to build request getMessage: No attribute named 'main' is defined 	1534448986357
GROUP	Failed to build request getMessage: No attribute named 'main' is defined 	1534448986357
USER	Create a message	35	END	1534448985195	1534448986357
GROUP	Failed to build request getMessage: No attribute named 'main' is defined 	1534448986357
USER	Create a message	40	END	1534448985208	1534448986359
USER	Create a message	31	END	1534448985177	1534448986367
GROUP	Failed to build request getMessage: No attribute named 'main' is defined 	1534448986367
USER	Create a message	36	END	1534448985197	1534448986368
USER	Create a message	32	END	1534448985186	1534448986369
GROUP	Failed to build request getMessage: No attribute named 'main' is defined 	1534448986419
USER	Create a message	37	END	1534448985198	1534448986419
GROUP	Failed to build request getMessage: No attribute named 'main' is defined 	1534448986429
USER	Create a message	38	END	1534448985200	1534448986429
GROUP	Failed to build request getMessage: No attribute named 'main' is defined 	1534448986447
USER	Create a message	42	END	1534448985276	1534448986447
GROUP	Failed to build request getMessage: No attribute named 'main' is defined 	1534448986497
GROUP	Failed to build request getMessage: No attribute named 'main' is defined 	1534448986497
USER	Create a message	45	END	1534448985422	1534448986497
GROUP	Failed to build request getMessage: No attribute named 'main' is defined 	1534448986498
GROUP	Failed to build request getMessage: No attribute named 'main' is defined 	1534448986498
USER	Create a message	41	END	1534448985210	1534448986498
USER	Create a message	46	END	1534448985433	1534448986498
USER	Create a message	43	END	1534448985363	1534448986498
GROUP	Failed to build request getMessage: No attribute named 'main' is defined 	1534448986509
USER	Create a message	44	END	1534448985413	1534448986513
GROUP	Failed to build request getMessage: No attribute named 'main' is defined 	1534448986526
USER	Create a message	48	END	1534448985487	1534448986527
GROUP	Failed to build request getMessage: No attribute named 'main' is defined 	1534448986536
USER	Create a message	47	END	1534448985443	1534448986537
GROUP	Failed to build request getMessage: No attribute named 'main' is defined 	1534448986547
GROUP	Failed to build request getMessage: No attribute named 'main' is defined 	1534448986547
USER	Create a message	50	END	1534448985490	1534448986547
USER	Create a message	49	END	1534448985488	1534448986547
