RUN	messageservice.BasicSimulation		basicsimulation	1534449028942	 	2.0
USER	Create a message	1	START	1534449030881	1534449030881
USER	Create a message	2	START	1534449030961	1534449030961
USER	Create a message	3	START	1534449030968	1534449030968
REQUEST	Create a message	2		main createMessage	1534449030961	1534449031093	OK	 
REQUEST	Create a message	1		main createMessage	1534449030942	1534449031026	OK	 
REQUEST	Create a message	3		main createMessage	1534449030968	1534449031032	OK	 
USER	Create a message	4	START	1534449031022	1534449031022
USER	Create a message	5	START	1534449031112	1534449031112
REQUEST	Create a message	4		main createMessage	1534449031100	1534449031142	OK	 
REQUEST	Create a message	5		main createMessage	1534449031116	1534449031149	OK	 
USER	Create a message	6	START	1534449031125	1534449031125
USER	Create a message	7	START	1534449031151	1534449031151
REQUEST	Create a message	6		main createMessage	1534449031126	1534449031174	OK	 
REQUEST	Create a message	7		main createMessage	1534449031161	1534449031189	OK	 
USER	Create a message	8	START	1534449031170	1534449031170
USER	Create a message	9	START	1534449031193	1534449031193
REQUEST	Create a message	8		main createMessage	1534449031171	1534449031208	OK	 
USER	Create a message	10	START	1534449031197	1534449031197
USER	Create a message	11	START	1534449031220	1534449031220
USER	Create a message	12	START	1534449031223	1534449031223
REQUEST	Create a message	10		main createMessage	1534449031212	1534449031252	OK	 
REQUEST	Create a message	9		main createMessage	1534449031193	1534449031240	OK	 
USER	Create a message	13	START	1534449031238	1534449031238
REQUEST	Create a message	12		main createMessage	1534449031226	1534449031275	OK	 
REQUEST	Create a message	11		main createMessage	1534449031221	1534449031257	OK	 
REQUEST	Create a message	13		main createMessage	1534449031256	1534449031310	OK	 
USER	Create a message	14	START	1534449031269	1534449031269
USER	Create a message	15	START	1534449031312	1534449031312
USER	Create a message	16	START	1534449031316	1534449031316
REQUEST	Create a message	14		main createMessage	1534449031311	1534449031326	OK	 
REQUEST	Create a message	15		main createMessage	1534449031313	1534449031339	OK	 
USER	Create a message	17	START	1534449031323	1534449031323
USER	Create a message	18	START	1534449031342	1534449031342
USER	Create a message	19	START	1534449031359	1534449031359
REQUEST	Create a message	18		main createMessage	1534449031342	1534449031402	OK	 
REQUEST	Create a message	16		main createMessage	1534449031317	1534449031403	OK	 
REQUEST	Create a message	17		main createMessage	1534449031334	1534449031404	OK	 
USER	Create a message	20	START	1534449031360	1534449031360
USER	Create a message	21	START	1534449031414	1534449031414
USER	Create a message	22	START	1534449031425	1534449031425
REQUEST	Create a message	20		main createMessage	1534449031361	1534449031436	OK	 
REQUEST	Create a message	19		main createMessage	1534449031359	1534449031432	OK	 
USER	Create a message	23	START	1534449031430	1534449031430
REQUEST	Create a message	21		main createMessage	1534449031416	1534449031462	OK	 
REQUEST	Create a message	22		main createMessage	1534449031429	1534449031463	OK	 
USER	Create a message	24	START	1534449031465	1534449031465
USER	Create a message	25	START	1534449031474	1534449031474
USER	Create a message	26	START	1534449031479	1534449031479
USER	Create a message	27	START	1534449031482	1534449031482
USER	Create a message	28	START	1534449031492	1534449031492
REQUEST	Create a message	24		main createMessage	1534449031466	1534449031525	OK	 
REQUEST	Create a message	25		main createMessage	1534449031478	1534449031525	OK	 
REQUEST	Create a message	23		main createMessage	1534449031439	1534449031526	OK	 
USER	Create a message	29	START	1534449031506	1534449031506
REQUEST	Create a message	26		main createMessage	1534449031480	1534449031558	OK	 
REQUEST	Create a message	27		main createMessage	1534449031483	1534449031559	OK	 
REQUEST	Create a message	28		main createMessage	1534449031505	1534449031559	OK	 
USER	Create a message	30	START	1534449031559	1534449031559
USER	Create a message	31	START	1534449031563	1534449031563
USER	Create a message	32	START	1534449031575	1534449031575
USER	Create a message	33	START	1534449031579	1534449031579
USER	Create a message	34	START	1534449031584	1534449031584
REQUEST	Create a message	31		main createMessage	1534449031564	1534449031594	OK	 
REQUEST	Create a message	30		main createMessage	1534449031559	1534449031596	OK	 
REQUEST	Create a message	29		main createMessage	1534449031558	1534449031599	OK	 
USER	Create a message	35	START	1534449031586	1534449031586
REQUEST	Create a message	34		main createMessage	1534449031585	1534449031637	OK	 
REQUEST	Create a message	33		main createMessage	1534449031583	1534449031640	OK	 
REQUEST	Create a message	32		main createMessage	1534449031576	1534449031638	OK	 
USER	Create a message	36	START	1534449031606	1534449031606
USER	Create a message	37	START	1534449031643	1534449031643
USER	Create a message	38	START	1534449031645	1534449031645
REQUEST	Create a message	35		main createMessage	1534449031601	1534449031669	OK	 
REQUEST	Create a message	37		main createMessage	1534449031643	1534449031673	OK	 
USER	Create a message	39	START	1534449031667	1534449031667
REQUEST	Create a message	36		main createMessage	1534449031637	1534449031670	OK	 
REQUEST	Create a message	38		main createMessage	1534449031646	1534449031677	OK	 
USER	Create a message	40	START	1534449031674	1534449031674
USER	Create a message	41	START	1534449031682	1534449031682
USER	Create a message	42	START	1534449031683	1534449031683
USER	Create a message	43	START	1534449031685	1534449031685
REQUEST	Create a message	39		main createMessage	1534449031673	1534449031711	OK	 
REQUEST	Create a message	41		main createMessage	1534449031682	1534449031711	OK	 
REQUEST	Create a message	40		main createMessage	1534449031675	1534449031705	OK	 
USER	Create a message	44	START	1534449031687	1534449031687
USER	Create a message	45	START	1534449031717	1534449031717
REQUEST	Create a message	42		main createMessage	1534449031684	1534449031744	OK	 
REQUEST	Create a message	43		main createMessage	1534449031686	1534449031744	OK	 
REQUEST	Create a message	44		main createMessage	1534449031705	1534449031745	OK	 
USER	Create a message	46	START	1534449031721	1534449031721
USER	Create a message	47	START	1534449031746	1534449031746
USER	Create a message	48	START	1534449031760	1534449031760
USER	Create a message	49	START	1534449031766	1534449031766
USER	Create a message	50	START	1534449031770	1534449031770
REQUEST	Create a message	45		main createMessage	1534449031718	1534449031813	OK	 
REQUEST	Create a message	47		main createMessage	1534449031749	1534449031814	OK	 
REQUEST	Create a message	46		main createMessage	1534449031744	1534449031815	OK	 
REQUEST	Create a message	50		main createMessage	1534449031770	1534449031823	OK	 
REQUEST	Create a message	48		main createMessage	1534449031765	1534449031823	OK	 
REQUEST	Create a message	49		main createMessage	1534449031766	1534449031823	OK	 
GROUP	Failed to build request main getMessage: No attribute named 'main' is defined 	1534449032061
GROUP	Failed to build request main getMessage: No attribute named 'main' is defined 	1534449032061
USER	Create a message	1	END	1534449030881	1534449032065
USER	Create a message	3	END	1534449030968	1534449032067
GROUP	Failed to build request main getMessage: No attribute named 'main' is defined 	1534449032114
USER	Create a message	2	END	1534449030961	1534449032116
GROUP	Failed to build request main getMessage: No attribute named 'main' is defined 	1534449032155
USER	Create a message	4	END	1534449031022	1534449032156
GROUP	Failed to build request main getMessage: No attribute named 'main' is defined 	1534449032165
USER	Create a message	5	END	1534449031112	1534449032172
GROUP	Failed to build request main getMessage: No attribute named 'main' is defined 	1534449032196
USER	Create a message	6	END	1534449031125	1534449032196
GROUP	Failed to build request main getMessage: No attribute named 'main' is defined 	1534449032206
USER	Create a message	7	END	1534449031151	1534449032207
GROUP	Failed to build request main getMessage: No attribute named 'main' is defined 	1534449032226
USER	Create a message	8	END	1534449031170	1534449032227
GROUP	Failed to build request main getMessage: No attribute named 'main' is defined 	1534449032264
GROUP	Failed to build request main getMessage: No attribute named 'main' is defined 	1534449032264
USER	Create a message	9	END	1534449031193	1534449032268
USER	Create a message	10	END	1534449031197	1534449032268
GROUP	Failed to build request main getMessage: No attribute named 'main' is defined 	1534449032295
USER	Create a message	12	END	1534449031223	1534449032295
GROUP	Failed to build request main getMessage: No attribute named 'main' is defined 	1534449032305
USER	Create a message	11	END	1534449031220	1534449032306
GROUP	Failed to build request main getMessage: No attribute named 'main' is defined 	1534449032326
USER	Create a message	13	END	1534449031238	1534449032329
GROUP	Failed to build request main getMessage: No attribute named 'main' is defined 	1534449032346
USER	Create a message	14	END	1534449031269	1534449032346
GROUP	Failed to build request main getMessage: No attribute named 'main' is defined 	1534449032355
USER	Create a message	15	END	1534449031312	1534449032356
GROUP	Failed to build request main getMessage: No attribute named 'main' is defined 	1534449032415
USER	Create a message	18	END	1534449031342	1534449032416
GROUP	Failed to build request main getMessage: No attribute named 'main' is defined 	1534449032425
GROUP	Failed to build request main getMessage: No attribute named 'main' is defined 	1534449032425
USER	Create a message	17	END	1534449031323	1534449032426
USER	Create a message	16	END	1534449031316	1534449032427
GROUP	Failed to build request main getMessage: No attribute named 'main' is defined 	1534449032456
GROUP	Failed to build request main getMessage: No attribute named 'main' is defined 	1534449032456
USER	Create a message	19	END	1534449031359	1534449032458
USER	Create a message	20	END	1534449031360	1534449032458
GROUP	Failed to build request main getMessage: No attribute named 'main' is defined 	1534449032475
GROUP	Failed to build request main getMessage: No attribute named 'main' is defined 	1534449032475
USER	Create a message	21	END	1534449031414	1534449032476
USER	Create a message	22	END	1534449031425	1534449032476
GROUP	Failed to build request main getMessage: No attribute named 'main' is defined 	1534449032535
USER	Create a message	24	END	1534449031465	1534449032536
GROUP	Failed to build request main getMessage: No attribute named 'main' is defined 	1534449032574
GROUP	Failed to build request main getMessage: No attribute named 'main' is defined 	1534449032574
GROUP	Failed to build request main getMessage: No attribute named 'main' is defined 	1534449032574
GROUP	Failed to build request main getMessage: No attribute named 'main' is defined 	1534449032575
USER	Create a message	25	END	1534449031474	1534449032577
USER	Create a message	27	END	1534449031482	1534449032578
USER	Create a message	26	END	1534449031479	1534449032578
USER	Create a message	23	END	1534449031430	1534449032578
GROUP	Failed to build request main getMessage: No attribute named 'main' is defined 	1534449032581
USER	Create a message	28	END	1534449031492	1534449032582
GROUP	Failed to build request main getMessage: No attribute named 'main' is defined 	1534449032615
GROUP	Failed to build request main getMessage: No attribute named 'main' is defined 	1534449032615
USER	Create a message	31	END	1534449031563	1534449032616
GROUP	Failed to build request main getMessage: No attribute named 'main' is defined 	1534449032616
USER	Create a message	29	END	1534449031506	1534449032617
USER	Create a message	30	END	1534449031559	1534449032619
GROUP	Failed to build request main getMessage: No attribute named 'main' is defined 	1534449032656
GROUP	Failed to build request main getMessage: No attribute named 'main' is defined 	1534449032656
GROUP	Failed to build request main getMessage: No attribute named 'main' is defined 	1534449032656
USER	Create a message	34	END	1534449031584	1534449032657
USER	Create a message	32	END	1534449031575	1534449032658
USER	Create a message	33	END	1534449031579	1534449032660
GROUP	Failed to build request main getMessage: No attribute named 'main' is defined 	1534449032686
USER	Create a message	37	END	1534449031643	1534449032686
GROUP	Failed to build request main getMessage: No attribute named 'main' is defined 	1534449032694
GROUP	Failed to build request main getMessage: No attribute named 'main' is defined 	1534449032694
USER	Create a message	36	END	1534449031606	1534449032695
GROUP	Failed to build request main getMessage: No attribute named 'main' is defined 	1534449032695
USER	Create a message	35	END	1534449031586	1534449032695
USER	Create a message	38	END	1534449031645	1534449032695
GROUP	Failed to build request main getMessage: No attribute named 'main' is defined 	1534449032727
USER	Create a message	40	END	1534449031674	1534449032728
GROUP	Failed to build request main getMessage: No attribute named 'main' is defined 	1534449032735
GROUP	Failed to build request main getMessage: No attribute named 'main' is defined 	1534449032735
USER	Create a message	41	END	1534449031682	1534449032735
USER	Create a message	39	END	1534449031667	1534449032735
GROUP	Failed to build request main getMessage: No attribute named 'main' is defined 	1534449032766
GROUP	Failed to build request main getMessage: No attribute named 'main' is defined 	1534449032766
GROUP	Failed to build request main getMessage: No attribute named 'main' is defined 	1534449032766
USER	Create a message	42	END	1534449031683	1534449032767
USER	Create a message	43	END	1534449031685	1534449032767
USER	Create a message	44	END	1534449031687	1534449032767
GROUP	Failed to build request main getMessage: No attribute named 'main' is defined 	1534449032825
GROUP	Failed to build request main getMessage: No attribute named 'main' is defined 	1534449032825
USER	Create a message	45	END	1534449031717	1534449032826
USER	Create a message	47	END	1534449031746	1534449032826
GROUP	Failed to build request main getMessage: No attribute named 'main' is defined 	1534449032837
USER	Create a message	46	END	1534449031721	1534449032837
GROUP	Failed to build request main getMessage: No attribute named 'main' is defined 	1534449032845
GROUP	Failed to build request main getMessage: No attribute named 'main' is defined 	1534449032845
GROUP	Failed to build request main getMessage: No attribute named 'main' is defined 	1534449032845
USER	Create a message	49	END	1534449031766	1534449032846
USER	Create a message	50	END	1534449031770	1534449032847
USER	Create a message	48	END	1534449031760	1534449032847
